{"/Users/niteshjain/Desktop/code/personal/jarvis/jarvis-backend/src/app.ts": {"path":"/Users/niteshjain/Desktop/code/personal/jarvis/jarvis-backend/src/app.ts","statementMap":{"0":{"start":{"line":8,"column":0},"end":{"line":8,"column":16}},"1":{"start":{"line":23,"column":0},"end":{"line":23,"column":16}},"2":{"start":{"line":1,"column":0},"end":{"line":1,"column":54}},"3":{"start":{"line":2,"column":0},"end":{"line":2,"column":24}},"4":{"start":{"line":3,"column":0},"end":{"line":3,"column":48}},"5":{"start":{"line":4,"column":0},"end":{"line":4,"column":28}},"6":{"start":{"line":5,"column":0},"end":{"line":5,"column":88}},"7":{"start":{"line":6,"column":0},"end":{"line":6,"column":56}},"8":{"start":{"line":9,"column":14},"end":{"line":9,"column":23}},"9":{"start":{"line":11,"column":2},"end":{"line":11,"column":20}},"10":{"start":{"line":12,"column":2},"end":{"line":12,"column":18}},"11":{"start":{"line":13,"column":2},"end":{"line":13,"column":26}},"12":{"start":{"line":15,"column":2},"end":{"line":15,"column":35}},"13":{"start":{"line":17,"column":2},"end":{"line":17,"column":27}},"14":{"start":{"line":18,"column":2},"end":{"line":18,"column":30}},"15":{"start":{"line":20,"column":2},"end":{"line":20,"column":13}},"16":{"start":{"line":24,"column":2},"end":{"line":24,"column":27}}},"fnMap":{"0":{"name":"createApp","decl":{"start":{"line":8,"column":16},"end":{"line":8,"column":25}},"loc":{"start":{"line":8,"column":25},"end":{"line":21,"column":1}}},"1":{"name":"createHttpServer","decl":{"start":{"line":23,"column":16},"end":{"line":23,"column":32}},"loc":{"start":{"line":23,"column":45},"end":{"line":25,"column":1}}}},"branchMap":{},"s":{"0":1,"1":1,"2":1,"3":1,"4":1,"5":1,"6":1,"7":1,"8":1,"9":1,"10":1,"11":1,"12":1,"13":1,"14":1,"15":1,"16":0},"f":{"0":1,"1":0},"b":{}}
,"/Users/niteshjain/Desktop/code/personal/jarvis/jarvis-backend/src/agent/agent-runner.ts": {"path":"/Users/niteshjain/Desktop/code/personal/jarvis/jarvis-backend/src/agent/agent-runner.ts","statementMap":{"0":{"start":{"line":31,"column":0},"end":{"line":31,"column":7}},"1":{"start":{"line":51,"column":0},"end":{"line":51,"column":16}},"2":{"start":{"line":74,"column":0},"end":{"line":74,"column":7}},"3":{"start":{"line":90,"column":0},"end":{"line":90,"column":7}},"4":{"start":{"line":1,"column":0},"end":{"line":1,"column":85}},"5":{"start":{"line":2,"column":0},"end":{"line":2,"column":47}},"6":{"start":{"line":3,"column":0},"end":{"line":3,"column":40}},"7":{"start":{"line":6,"column":0},"end":{"line":6,"column":65}},"8":{"start":{"line":8,"column":0},"end":{"line":8,"column":38}},"9":{"start":{"line":10,"column":0},"end":{"line":10,"column":78}},"10":{"start":{"line":11,"column":0},"end":{"line":11,"column":73}},"11":{"start":{"line":12,"column":0},"end":{"line":12,"column":43}},"12":{"start":{"line":18,"column":13},"end":{"line":18,"column":79}},"13":{"start":{"line":20,"column":13},"end":{"line":23,"column":12}},"14":{"start":{"line":25,"column":24},"end":{"line":29,"column":11}},"15":{"start":{"line":32,"column":14},"end":{"line":32,"column":78}},"16":{"start":{"line":33,"column":16},"end":{"line":37,"column":4}},"17":{"start":{"line":39,"column":2},"end":{"line":41,"column":3}},"18":{"start":{"line":40,"column":4},"end":{"line":40,"column":68}},"19":{"start":{"line":43,"column":25},"end":{"line":43,"column":40}},"20":{"start":{"line":44,"column":2},"end":{"line":46,"column":3}},"21":{"start":{"line":45,"column":4},"end":{"line":45,"column":68}},"22":{"start":{"line":48,"column":2},"end":{"line":48,"column":28}},"23":{"start":{"line":52,"column":19},"end":{"line":58,"column":4}},"24":{"start":{"line":53,"column":4},"end":{"line":55,"column":5}},"25":{"start":{"line":54,"column":6},"end":{"line":54,"column":45}},"26":{"start":{"line":57,"column":4},"end":{"line":57,"column":46}},"27":{"start":{"line":60,"column":2},"end":{"line":60,"column":49}},"28":{"start":{"line":64,"column":2},"end":{"line":66,"column":3}},"29":{"start":{"line":65,"column":4},"end":{"line":65,"column":34}},"30":{"start":{"line":68,"column":2},"end":{"line":71,"column":12}},"31":{"start":{"line":69,"column":20},"end":{"line":69,"column":85}},"32":{"start":{"line":75,"column":22},"end":{"line":75,"column":37}},"33":{"start":{"line":77,"column":2},"end":{"line":79,"column":3}},"34":{"start":{"line":78,"column":4},"end":{"line":78,"column":58}},"35":{"start":{"line":81,"column":18},"end":{"line":81,"column":49}},"36":{"start":{"line":83,"column":2},"end":{"line":85,"column":3}},"37":{"start":{"line":84,"column":4},"end":{"line":84,"column":58}},"38":{"start":{"line":87,"column":2},"end":{"line":87,"column":35}},"39":{"start":{"line":100,"column":20},"end":{"line":100,"column":22}},"40":{"start":{"line":101,"column":2},"end":{"line":106,"column":3}},"41":{"start":{"line":102,"column":4},"end":{"line":102,"column":72}},"42":{"start":{"line":104,"column":4},"end":{"line":104,"column":68}},"43":{"start":{"line":105,"column":4},"end":{"line":105,"column":21}},"44":{"start":{"line":108,"column":23},"end":{"line":108,"column":79}},"45":{"start":{"line":110,"column":16},"end":{"line":114,"column":4}},"46":{"start":{"line":116,"column":16},"end":{"line":120,"column":4}},"47":{"start":{"line":118,"column":68},"end":{"line":118,"column":83}},"48":{"start":{"line":122,"column":19},"end":{"line":122,"column":66}},"49":{"start":{"line":124,"column":2},"end":{"line":129,"column":3}},"50":{"start":{"line":125,"column":19},"end":{"line":125,"column":74}},"51":{"start":{"line":126,"column":4},"end":{"line":126,"column":56}},"52":{"start":{"line":128,"column":4},"end":{"line":128,"column":58}}},"fnMap":{"0":{"name":"buildAgentSystemPrompt","decl":{"start":{"line":31,"column":22},"end":{"line":31,"column":44}},"loc":{"start":{"line":31,"column":82},"end":{"line":49,"column":1}}},"1":{"name":"buildAgentMessages","decl":{"start":{"line":51,"column":16},"end":{"line":51,"column":34}},"loc":{"start":{"line":51,"column":77},"end":{"line":61,"column":1}}},"2":{"name":"(anonymous_2)","decl":{"start":{"line":52,"column":63},"end":{"line":52,"column":64}},"loc":{"start":{"line":52,"column":75},"end":{"line":58,"column":3}}},"3":{"name":"extractTextContent","decl":{"start":{"line":63,"column":9},"end":{"line":63,"column":27}},"loc":{"start":{"line":63,"column":46},"end":{"line":72,"column":1}}},"4":{"name":"(anonymous_4)","decl":{"start":{"line":69,"column":9},"end":{"line":69,"column":10}},"loc":{"start":{"line":69,"column":20},"end":{"line":69,"column":85}}},"5":{"name":"resolveAgentRunResult","decl":{"start":{"line":74,"column":22},"end":{"line":74,"column":43}},"loc":{"start":{"line":74,"column":67},"end":{"line":88,"column":1}}},"6":{"name":"runAgent","decl":{"start":{"line":90,"column":22},"end":{"line":90,"column":30}},"loc":{"start":{"line":98,"column":40},"end":{"line":130,"column":1}}},"7":{"name":"(anonymous_7)","decl":{"start":{"line":118,"column":52},"end":{"line":118,"column":53}},"loc":{"start":{"line":118,"column":68},"end":{"line":118,"column":83}}}},"branchMap":{"0":{"loc":{"start":{"line":39,"column":2},"end":{"line":41,"column":3}},"type":"if","locations":[{"start":{"line":39,"column":2},"end":{"line":41,"column":3}},{"start":{},"end":{}}]},"1":{"loc":{"start":{"line":44,"column":2},"end":{"line":46,"column":3}},"type":"if","locations":[{"start":{"line":44,"column":2},"end":{"line":46,"column":3}},{"start":{},"end":{}}]},"2":{"loc":{"start":{"line":53,"column":4},"end":{"line":55,"column":5}},"type":"if","locations":[{"start":{"line":53,"column":4},"end":{"line":55,"column":5}},{"start":{},"end":{}}]},"3":{"loc":{"start":{"line":64,"column":2},"end":{"line":66,"column":3}},"type":"if","locations":[{"start":{"line":64,"column":2},"end":{"line":66,"column":3}},{"start":{},"end":{}}]},"4":{"loc":{"start":{"line":69,"column":20},"end":{"line":69,"column":85}},"type":"cond-expr","locations":[{"start":{"line":69,"column":47},"end":{"line":69,"column":51}},{"start":{"line":69,"column":54},"end":{"line":69,"column":85}}]},"5":{"loc":{"start":{"line":69,"column":54},"end":{"line":69,"column":85}},"type":"cond-expr","locations":[{"start":{"line":69,"column":71},"end":{"line":69,"column":80}},{"start":{"line":69,"column":83},"end":{"line":69,"column":85}}]},"6":{"loc":{"start":{"line":77,"column":2},"end":{"line":79,"column":3}},"type":"if","locations":[{"start":{"line":77,"column":2},"end":{"line":79,"column":3}},{"start":{},"end":{}}]},"7":{"loc":{"start":{"line":77,"column":6},"end":{"line":77,"column":56}},"type":"binary-expr","locations":[{"start":{"line":77,"column":6},"end":{"line":77,"column":18}},{"start":{"line":77,"column":22},"end":{"line":77,"column":56}}]},"8":{"loc":{"start":{"line":83,"column":2},"end":{"line":85,"column":3}},"type":"if","locations":[{"start":{"line":83,"column":2},"end":{"line":85,"column":3}},{"start":{},"end":{}}]}},"s":{"0":1,"1":1,"2":1,"3":1,"4":1,"5":1,"6":1,"7":1,"8":1,"9":1,"10":1,"11":1,"12":1,"13":1,"14":1,"15":16,"16":16,"17":16,"18":3,"19":16,"20":16,"21":2,"22":16,"23":11,"24":2,"25":1,"26":1,"27":11,"28":14,"29":13,"30":1,"31":1,"32":15,"33":15,"34":1,"35":14,"36":14,"37":2,"38":12,"39":10,"40":10,"41":10,"42":1,"43":1,"44":10,"45":10,"46":10,"47":40,"48":10,"49":10,"50":10,"51":9,"52":1},"f":{"0":16,"1":11,"2":2,"3":14,"4":1,"5":15,"6":10,"7":40},"b":{"0":[3,13],"1":[2,14],"2":[1,1],"3":[13,1],"4":[0,1],"5":[1,0],"6":[1,14],"7":[15,14],"8":[2,12]}}
,"/Users/niteshjain/Desktop/code/personal/jarvis/jarvis-backend/src/agent/tools/index.ts": {"path":"/Users/niteshjain/Desktop/code/personal/jarvis/jarvis-backend/src/agent/tools/index.ts","statementMap":{"0":{"start":{"line":1,"column":0},"end":{"line":1,"column":null}},"1":{"start":{"line":2,"column":2},"end":{"line":2,"column":null}},"2":{"start":{"line":3,"column":2},"end":{"line":3,"column":null}},"3":{"start":{"line":4,"column":2},"end":{"line":4,"column":null}},"4":{"start":{"line":5,"column":2},"end":{"line":5,"column":null}},"5":{"start":{"line":6,"column":2},"end":{"line":6,"column":null}},"6":{"start":{"line":8,"column":0},"end":{"line":8,"column":9}},"7":{"start":{"line":8,"column":9},"end":{"line":8,"column":60}},"8":{"start":{"line":9,"column":0},"end":{"line":9,"column":9}},"9":{"start":{"line":9,"column":9},"end":{"line":9,"column":29}},"10":{"start":{"line":9,"column":29},"end":{"line":9,"column":77}}},"fnMap":{"0":{"name":"(anonymous_0)","decl":{"start":{"line":2,"column":2},"end":{"line":2,"column":29}},"loc":{"start":{"line":2,"column":2},"end":{"line":2,"column":null}}},"1":{"name":"(anonymous_1)","decl":{"start":{"line":3,"column":2},"end":{"line":3,"column":26}},"loc":{"start":{"line":3,"column":2},"end":{"line":3,"column":null}}},"2":{"name":"(anonymous_2)","decl":{"start":{"line":4,"column":2},"end":{"line":4,"column":25}},"loc":{"start":{"line":4,"column":2},"end":{"line":4,"column":null}}},"3":{"name":"(anonymous_3)","decl":{"start":{"line":5,"column":2},"end":{"line":5,"column":22}},"loc":{"start":{"line":5,"column":2},"end":{"line":5,"column":null}}},"4":{"name":"(anonymous_4)","decl":{"start":{"line":6,"column":2},"end":{"line":6,"column":27}},"loc":{"start":{"line":6,"column":2},"end":{"line":6,"column":null}}},"5":{"name":"(anonymous_5)","decl":{"start":{"line":8,"column":9},"end":{"line":8,"column":28}},"loc":{"start":{"line":8,"column":9},"end":{"line":8,"column":60}}},"6":{"name":"(anonymous_6)","decl":{"start":{"line":9,"column":9},"end":{"line":9,"column":27}},"loc":{"start":{"line":9,"column":9},"end":{"line":9,"column":29}}},"7":{"name":"(anonymous_7)","decl":{"start":{"line":9,"column":29},"end":{"line":9,"column":46}},"loc":{"start":{"line":9,"column":29},"end":{"line":9,"column":77}}}},"branchMap":{},"s":{"0":2,"1":5,"2":4,"3":15,"4":8,"5":2,"6":2,"7":2,"8":2,"9":2,"10":2},"f":{"0":3,"1":2,"2":13,"3":6,"4":0,"5":0,"6":0,"7":0},"b":{}}
,"/Users/niteshjain/Desktop/code/personal/jarvis/jarvis-backend/src/agent/tools/off-lights.tool.ts": {"path":"/Users/niteshjain/Desktop/code/personal/jarvis/jarvis-backend/src/agent/tools/off-lights.tool.ts","statementMap":{"0":{"start":{"line":18,"column":0},"end":{"line":18,"column":16}},"1":{"start":{"line":1,"column":0},"end":{"line":1,"column":45}},"2":{"start":{"line":3,"column":0},"end":{"line":3,"column":24}},"3":{"start":{"line":5,"column":0},"end":{"line":5,"column":70}},"4":{"start":{"line":7,"column":0},"end":{"line":7,"column":60}},"5":{"start":{"line":10,"column":13},"end":{"line":16,"column":11}},"6":{"start":{"line":22,"column":25},"end":{"line":52,"column":null}},"7":{"start":{"line":24,"column":22},"end":{"line":29,"column":null}},"8":{"start":{"line":25,"column":8},"end":{"line":29,"column":null}},"9":{"start":{"line":32,"column":27},"end":{"line":40,"column":25}},"10":{"start":{"line":42,"column":6},"end":{"line":46,"column":8}},"11":{"start":{"line":55,"column":2},"end":{"line":59,"column":4}}},"fnMap":{"0":{"name":"buildOffLightsTool","decl":{"start":{"line":18,"column":16},"end":{"line":18,"column":34}},"loc":{"start":{"line":20,"column":40},"end":{"line":60,"column":1}}},"1":{"name":"(anonymous_1)","decl":{"start":{"line":23,"column":4},"end":{"line":23,"column":9}},"loc":{"start":{"line":23,"column":43},"end":{"line":47,"column":5}}},"2":{"name":"(anonymous_2)","decl":{"start":{"line":24,"column":22},"end":{"line":24,"column":25}},"loc":{"start":{"line":25,"column":8},"end":{"line":29,"column":null}}}},"branchMap":{"0":{"loc":{"start":{"line":32,"column":27},"end":{"line":40,"column":25}},"type":"cond-expr","locations":[{"start":{"line":33,"column":10},"end":{"line":38,"column":null}},{"start":{"line":40,"column":10},"end":{"line":40,"column":25}}]}},"s":{"0":3,"1":3,"2":3,"3":3,"4":3,"5":3,"6":20,"7":3,"8":3,"9":3,"10":2,"11":20},"f":{"0":20,"1":3,"2":3},"b":{"0":[1,2]}}
,"/Users/niteshjain/Desktop/code/personal/jarvis/jarvis-backend/src/agent/tools/open-camera.tool.ts": {"path":"/Users/niteshjain/Desktop/code/personal/jarvis/jarvis-backend/src/agent/tools/open-camera.tool.ts","statementMap":{"0":{"start":{"line":25,"column":0},"end":{"line":25,"column":16}},"1":{"start":{"line":1,"column":0},"end":{"line":1,"column":45}},"2":{"start":{"line":3,"column":0},"end":{"line":3,"column":24}},"3":{"start":{"line":5,"column":0},"end":{"line":5,"column":70}},"4":{"start":{"line":7,"column":0},"end":{"line":7,"column":60}},"5":{"start":{"line":10,"column":13},"end":{"line":23,"column":11}},"6":{"start":{"line":29,"column":25},"end":{"line":59,"column":null}},"7":{"start":{"line":31,"column":22},"end":{"line":36,"column":null}},"8":{"start":{"line":32,"column":8},"end":{"line":36,"column":null}},"9":{"start":{"line":39,"column":27},"end":{"line":47,"column":25}},"10":{"start":{"line":49,"column":6},"end":{"line":53,"column":8}},"11":{"start":{"line":62,"column":2},"end":{"line":66,"column":4}}},"fnMap":{"0":{"name":"buildOpenCameraTool","decl":{"start":{"line":25,"column":16},"end":{"line":25,"column":35}},"loc":{"start":{"line":27,"column":40},"end":{"line":67,"column":1}}},"1":{"name":"(anonymous_1)","decl":{"start":{"line":30,"column":4},"end":{"line":30,"column":9}},"loc":{"start":{"line":30,"column":43},"end":{"line":54,"column":5}}},"2":{"name":"(anonymous_2)","decl":{"start":{"line":31,"column":22},"end":{"line":31,"column":25}},"loc":{"start":{"line":32,"column":8},"end":{"line":36,"column":null}}}},"branchMap":{"0":{"loc":{"start":{"line":39,"column":27},"end":{"line":47,"column":25}},"type":"cond-expr","locations":[{"start":{"line":40,"column":10},"end":{"line":45,"column":null}},{"start":{"line":47,"column":10},"end":{"line":47,"column":25}}]}},"s":{"0":3,"1":3,"2":3,"3":3,"4":3,"5":3,"6":22,"7":3,"8":3,"9":3,"10":2,"11":22},"f":{"0":22,"1":3,"2":3},"b":{"0":[1,2]}}
,"/Users/niteshjain/Desktop/code/personal/jarvis/jarvis-backend/src/agent/tools/play-music.tool.ts": {"path":"/Users/niteshjain/Desktop/code/personal/jarvis/jarvis-backend/src/agent/tools/play-music.tool.ts","statementMap":{"0":{"start":{"line":1,"column":0},"end":{"line":1,"column":null}},"1":{"start":{"line":2,"column":2},"end":{"line":2,"column":null}},"2":{"start":{"line":3,"column":2},"end":{"line":3,"column":null}},"3":{"start":{"line":4,"column":2},"end":{"line":4,"column":null}},"4":{"start":{"line":5,"column":2},"end":{"line":5,"column":null}},"5":{"start":{"line":6,"column":2},"end":{"line":6,"column":null}}},"fnMap":{"0":{"name":"(anonymous_0)","decl":{"start":{"line":2,"column":2},"end":{"line":2,"column":20}},"loc":{"start":{"line":2,"column":2},"end":{"line":2,"column":null}}},"1":{"name":"(anonymous_1)","decl":{"start":{"line":3,"column":2},"end":{"line":3,"column":24}},"loc":{"start":{"line":3,"column":2},"end":{"line":3,"column":null}}},"2":{"name":"(anonymous_2)","decl":{"start":{"line":4,"column":2},"end":{"line":4,"column":19}},"loc":{"start":{"line":4,"column":2},"end":{"line":4,"column":null}}},"3":{"name":"(anonymous_3)","decl":{"start":{"line":5,"column":2},"end":{"line":5,"column":19}},"loc":{"start":{"line":5,"column":2},"end":{"line":5,"column":null}}},"4":{"name":"(anonymous_4)","decl":{"start":{"line":6,"column":2},"end":{"line":6,"column":21}},"loc":{"start":{"line":6,"column":2},"end":{"line":6,"column":null}}}},"branchMap":{},"s":{"0":3,"1":13,"2":5,"3":8,"4":20,"5":3},"f":{"0":10,"1":2,"2":5,"3":17,"4":0},"b":{}}
,"/Users/niteshjain/Desktop/code/personal/jarvis/jarvis-backend/src/agent/tools/registry.ts": {"path":"/Users/niteshjain/Desktop/code/personal/jarvis/jarvis-backend/src/agent/tools/registry.ts","statementMap":{"0":{"start":{"line":57,"column":0},"end":{"line":57,"column":16}},"1":{"start":{"line":76,"column":0},"end":{"line":76,"column":16}},"2":{"start":{"line":95,"column":0},"end":{"line":95,"column":16}},"3":{"start":{"line":104,"column":0},"end":{"line":104,"column":16}},"4":{"start":{"line":108,"column":0},"end":{"line":108,"column":16}},"5":{"start":{"line":14,"column":0},"end":{"line":14,"column":77}},"6":{"start":{"line":15,"column":0},"end":{"line":15,"column":80}},"7":{"start":{"line":16,"column":0},"end":{"line":16,"column":77}},"8":{"start":{"line":17,"column":0},"end":{"line":17,"column":77}},"9":{"start":{"line":26,"column":38},"end":{"line":47,"column":2}},"10":{"start":{"line":49,"column":51},"end":{"line":53,"column":2}},"11":{"start":{"line":55,"column":51},"end":{"line":55,"column":71}},"12":{"start":{"line":58,"column":20},"end":{"line":58,"column":37}},"13":{"start":{"line":59,"column":23},"end":{"line":59,"column":40}},"14":{"start":{"line":61,"column":2},"end":{"line":73,"column":3}},"15":{"start":{"line":62,"column":21},"end":{"line":62,"column":36}},"16":{"start":{"line":64,"column":4},"end":{"line":66,"column":5}},"17":{"start":{"line":65,"column":6},"end":{"line":65,"column":64}},"18":{"start":{"line":67,"column":4},"end":{"line":67,"column":24}},"19":{"start":{"line":69,"column":4},"end":{"line":71,"column":5}},"20":{"start":{"line":70,"column":6},"end":{"line":70,"column":75}},"21":{"start":{"line":72,"column":4},"end":{"line":72,"column":45}},"22":{"start":{"line":77,"column":20},"end":{"line":77,"column":37}},"23":{"start":{"line":78,"column":23},"end":{"line":78,"column":40}},"24":{"start":{"line":80,"column":2},"end":{"line":90,"column":3}},"25":{"start":{"line":81,"column":4},"end":{"line":83,"column":5}},"26":{"start":{"line":82,"column":6},"end":{"line":82,"column":74}},"27":{"start":{"line":84,"column":4},"end":{"line":84,"column":34}},"28":{"start":{"line":86,"column":4},"end":{"line":88,"column":5}},"29":{"start":{"line":87,"column":6},"end":{"line":87,"column":70}},"30":{"start":{"line":89,"column":4},"end":{"line":89,"column":40}},"31":{"start":{"line":93,"column":0},"end":{"line":93,"column":40}},"32":{"start":{"line":99,"column":22},"end":{"line":99,"column":82}},"33":{"start":{"line":99,"column":61},"end":{"line":99,"column":81}},"34":{"start":{"line":100,"column":22},"end":{"line":100,"column":78}},"35":{"start":{"line":100,"column":61},"end":{"line":100,"column":77}},"36":{"start":{"line":101,"column":2},"end":{"line":101,"column":42}},"37":{"start":{"line":105,"column":2},"end":{"line":105,"column":74}},"38":{"start":{"line":105,"column":39},"end":{"line":105,"column":72}},"39":{"start":{"line":109,"column":2},"end":{"line":109,"column":68}},"40":{"start":{"line":109,"column":39},"end":{"line":109,"column":66}}},"fnMap":{"0":{"name":"assertUniqueToolDefinitions","decl":{"start":{"line":57,"column":16},"end":{"line":57,"column":43}},"loc":{"start":{"line":57,"column":73},"end":{"line":74,"column":1}}},"1":{"name":"assertUniqueToolMetadata","decl":{"start":{"line":76,"column":16},"end":{"line":76,"column":40}},"loc":{"start":{"line":76,"column":65},"end":{"line":91,"column":1}}},"2":{"name":"buildToolsForConnection","decl":{"start":{"line":95,"column":16},"end":{"line":95,"column":39}},"loc":{"start":{"line":97,"column":40},"end":{"line":102,"column":1}}},"3":{"name":"(anonymous_3)","decl":{"start":{"line":99,"column":48},"end":{"line":99,"column":49}},"loc":{"start":{"line":99,"column":61},"end":{"line":99,"column":81}}},"4":{"name":"(anonymous_4)","decl":{"start":{"line":100,"column":48},"end":{"line":100,"column":49}},"loc":{"start":{"line":100,"column":61},"end":{"line":100,"column":77}}},"5":{"name":"getToolByCommandName","decl":{"start":{"line":104,"column":16},"end":{"line":104,"column":36}},"loc":{"start":{"line":104,"column":56},"end":{"line":106,"column":1}}},"6":{"name":"(anonymous_6)","decl":{"start":{"line":105,"column":28},"end":{"line":105,"column":29}},"loc":{"start":{"line":105,"column":39},"end":{"line":105,"column":72}}},"7":{"name":"getToolMetadataByToolName","decl":{"start":{"line":108,"column":16},"end":{"line":108,"column":41}},"loc":{"start":{"line":108,"column":58},"end":{"line":110,"column":1}}},"8":{"name":"(anonymous_8)","decl":{"start":{"line":109,"column":28},"end":{"line":109,"column":29}},"loc":{"start":{"line":109,"column":39},"end":{"line":109,"column":66}}}},"branchMap":{"0":{"loc":{"start":{"line":64,"column":4},"end":{"line":66,"column":5}},"type":"if","locations":[{"start":{"line":64,"column":4},"end":{"line":66,"column":5}},{"start":{},"end":{}}]},"1":{"loc":{"start":{"line":69,"column":4},"end":{"line":71,"column":5}},"type":"if","locations":[{"start":{"line":69,"column":4},"end":{"line":71,"column":5}},{"start":{},"end":{}}]},"2":{"loc":{"start":{"line":81,"column":4},"end":{"line":83,"column":5}},"type":"if","locations":[{"start":{"line":81,"column":4},"end":{"line":83,"column":5}},{"start":{},"end":{}}]},"3":{"loc":{"start":{"line":86,"column":4},"end":{"line":88,"column":5}},"type":"if","locations":[{"start":{"line":86,"column":4},"end":{"line":88,"column":5}},{"start":{},"end":{}}]}},"s":{"0":2,"1":2,"2":2,"3":2,"4":2,"5":2,"6":2,"7":2,"8":2,"9":2,"10":2,"11":2,"12":2,"13":2,"14":2,"15":4,"16":4,"17":1,"18":3,"19":3,"20":1,"21":2,"22":4,"23":4,"24":4,"25":12,"26":1,"27":11,"28":11,"29":1,"30":10,"31":2,"32":14,"33":42,"34":14,"35":14,"36":14,"37":6,"38":15,"39":0,"40":0},"f":{"0":2,"1":4,"2":14,"3":42,"4":14,"5":6,"6":15,"7":0,"8":0},"b":{"0":[1,3],"1":[1,2],"2":[1,11],"3":[1,10]}}
,"/Users/niteshjain/Desktop/code/personal/jarvis/jarvis-backend/src/agent/tools/tool-persistence.ts": {"path":"/Users/niteshjain/Desktop/code/personal/jarvis/jarvis-backend/src/agent/tools/tool-persistence.ts","statementMap":{"0":{"start":{"line":71,"column":0},"end":{"line":71,"column":7}},"1":{"start":{"line":1,"column":0},"end":{"line":1,"column":41}},"2":{"start":{"line":3,"column":0},"end":{"line":3,"column":50}},"3":{"start":{"line":4,"column":0},"end":{"line":4,"column":74}},"4":{"start":{"line":5,"column":0},"end":{"line":5,"column":43}},"5":{"start":{"line":20,"column":14},"end":{"line":20,"column":24}},"6":{"start":{"line":21,"column":2},"end":{"line":38,"column":3}},"7":{"start":{"line":22,"column":4},"end":{"line":35,"column":7}},"8":{"start":{"line":37,"column":4},"end":{"line":37,"column":89}},"9":{"start":{"line":42,"column":2},"end":{"line":44,"column":3}},"10":{"start":{"line":43,"column":4},"end":{"line":43,"column":45}},"11":{"start":{"line":46,"column":2},"end":{"line":46,"column":27}},"12":{"start":{"line":50,"column":2},"end":{"line":57,"column":3}},"13":{"start":{"line":51,"column":4},"end":{"line":54,"column":7}},"14":{"start":{"line":56,"column":4},"end":{"line":56,"column":71}},"15":{"start":{"line":61,"column":2},"end":{"line":68,"column":3}},"16":{"start":{"line":62,"column":4},"end":{"line":65,"column":7}},"17":{"start":{"line":67,"column":4},"end":{"line":67,"column":91}},"18":{"start":{"line":78,"column":20},"end":{"line":78,"column":32}},"19":{"start":{"line":79,"column":2},"end":{"line":79,"column":89}},"20":{"start":{"line":80,"column":2},"end":{"line":92,"column":3}},"21":{"start":{"line":81,"column":19},"end":{"line":81,"column":34}},"22":{"start":{"line":82,"column":4},"end":{"line":82,"column":55}},"23":{"start":{"line":83,"column":4},"end":{"line":83,"column":18}},"24":{"start":{"line":85,"column":25},"end":{"line":89,"column":25}},"25":{"start":{"line":90,"column":4},"end":{"line":90,"column":57}},"26":{"start":{"line":91,"column":4},"end":{"line":91,"column":14}}},"fnMap":{"0":{"name":"insertPendingToolAction","decl":{"start":{"line":13,"column":15},"end":{"line":13,"column":38}},"loc":{"start":{"line":18,"column":31},"end":{"line":39,"column":1}}},"1":{"name":"normalizeActionResult","decl":{"start":{"line":41,"column":9},"end":{"line":41,"column":30}},"loc":{"start":{"line":41,"column":46},"end":{"line":47,"column":1}}},"2":{"name":"completePendingToolAction","decl":{"start":{"line":49,"column":15},"end":{"line":49,"column":40}},"loc":{"start":{"line":49,"column":75},"end":{"line":58,"column":1}}},"3":{"name":"failPendingToolAction","decl":{"start":{"line":60,"column":15},"end":{"line":60,"column":36}},"loc":{"start":{"line":60,"column":76},"end":{"line":69,"column":1}}},"4":{"name":"withToolPersistence","decl":{"start":{"line":71,"column":22},"end":{"line":71,"column":41}},"loc":{"start":{"line":76,"column":27},"end":{"line":93,"column":1}}}},"branchMap":{"0":{"loc":{"start":{"line":42,"column":2},"end":{"line":44,"column":3}},"type":"if","locations":[{"start":{"line":42,"column":2},"end":{"line":44,"column":3}},{"start":{},"end":{}}]},"1":{"loc":{"start":{"line":42,"column":6},"end":{"line":42,"column":68}},"type":"binary-expr","locations":[{"start":{"line":42,"column":6},"end":{"line":42,"column":12}},{"start":{"line":42,"column":16},"end":{"line":42,"column":42}},{"start":{"line":42,"column":46},"end":{"line":42,"column":68}}]},"2":{"loc":{"start":{"line":85,"column":25},"end":{"line":89,"column":25}},"type":"cond-expr","locations":[{"start":{"line":86,"column":8},"end":{"line":86,"column":19}},{"start":{"line":87,"column":8},"end":{"line":89,"column":25}}]},"3":{"loc":{"start":{"line":87,"column":8},"end":{"line":89,"column":25}},"type":"cond-expr","locations":[{"start":{"line":88,"column":10},"end":{"line":88,"column":21}},{"start":{"line":89,"column":10},"end":{"line":89,"column":25}}]}},"s":{"0":7,"1":7,"2":7,"3":7,"4":7,"5":16,"6":16,"7":16,"8":6,"9":11,"10":8,"11":3,"12":11,"13":11,"14":4,"15":5,"16":5,"17":1,"18":16,"19":16,"20":16,"21":16,"22":11,"23":11,"24":5,"25":5,"26":5},"f":{"0":16,"1":11,"2":11,"3":5,"4":16},"b":{"0":[8,3],"1":[11,11,9],"2":[3,2],"3":[2,0]}}
,"/Users/niteshjain/Desktop/code/personal/jarvis/jarvis-backend/src/agent/tools/web-search.tool.ts": {"path":"/Users/niteshjain/Desktop/code/personal/jarvis/jarvis-backend/src/agent/tools/web-search.tool.ts","statementMap":{"0":{"start":{"line":36,"column":0},"end":{"line":36,"column":16}},"1":{"start":{"line":1,"column":0},"end":{"line":1,"column":45}},"2":{"start":{"line":2,"column":0},"end":{"line":2,"column":38}},"3":{"start":{"line":4,"column":0},"end":{"line":4,"column":24}},"4":{"start":{"line":6,"column":0},"end":{"line":6,"column":38}},"5":{"start":{"line":7,"column":0},"end":{"line":7,"column":53}},"6":{"start":{"line":9,"column":0},"end":{"line":9,"column":60}},"7":{"start":{"line":12,"column":13},"end":{"line":24,"column":11}},"8":{"start":{"line":27,"column":18},"end":{"line":27,"column":101}},"9":{"start":{"line":27,"column":51},"end":{"line":27,"column":87}},"10":{"start":{"line":29,"column":2},"end":{"line":31,"column":3}},"11":{"start":{"line":30,"column":4},"end":{"line":30,"column":71}},"12":{"start":{"line":33,"column":2},"end":{"line":33,"column":17}},"13":{"start":{"line":37,"column":23},"end":{"line":37,"column":61}},"14":{"start":{"line":39,"column":25},"end":{"line":75,"column":null}},"15":{"start":{"line":41,"column":22},"end":{"line":53,"column":7}},"16":{"start":{"line":42,"column":8},"end":{"line":52,"column":9}},"17":{"start":{"line":43,"column":27},"end":{"line":47,"column":12}},"18":{"start":{"line":48,"column":10},"end":{"line":48,"column":48}},"19":{"start":{"line":50,"column":26},"end":{"line":50,"column":78}},"20":{"start":{"line":51,"column":10},"end":{"line":51,"column":63}},"21":{"start":{"line":55,"column":6},"end":{"line":63,"column":26}},"22":{"start":{"line":78,"column":2},"end":{"line":82,"column":4}}},"fnMap":{"0":{"name":"formatTavilyResponse","decl":{"start":{"line":26,"column":9},"end":{"line":26,"column":29}},"loc":{"start":{"line":26,"column":60},"end":{"line":34,"column":1}}},"1":{"name":"(anonymous_1)","decl":{"start":{"line":27,"column":39},"end":{"line":27,"column":40}},"loc":{"start":{"line":27,"column":51},"end":{"line":27,"column":87}}},"2":{"name":"buildWebSearchTool","decl":{"start":{"line":36,"column":16},"end":{"line":36,"column":34}},"loc":{"start":{"line":36,"column":73},"end":{"line":83,"column":1}}},"3":{"name":"(anonymous_3)","decl":{"start":{"line":40,"column":4},"end":{"line":40,"column":9}},"loc":{"start":{"line":40,"column":41},"end":{"line":64,"column":5}}},"4":{"name":"(anonymous_4)","decl":{"start":{"line":41,"column":22},"end":{"line":41,"column":27}},"loc":{"start":{"line":41,"column":50},"end":{"line":53,"column":7}}}},"branchMap":{"0":{"loc":{"start":{"line":29,"column":2},"end":{"line":31,"column":3}},"type":"if","locations":[{"start":{"line":29,"column":2},"end":{"line":31,"column":3}},{"start":{},"end":{}}]},"1":{"loc":{"start":{"line":50,"column":26},"end":{"line":50,"column":78}},"type":"cond-expr","locations":[{"start":{"line":50,"column":49},"end":{"line":50,"column":60}},{"start":{"line":50,"column":63},"end":{"line":50,"column":78}}]},"2":{"loc":{"start":{"line":55,"column":13},"end":{"line":63,"column":25}},"type":"cond-expr","locations":[{"start":{"line":56,"column":10},"end":{"line":61,"column":null}},{"start":{"line":63,"column":10},"end":{"line":63,"column":25}}]}},"s":{"0":3,"1":3,"2":3,"3":3,"4":3,"5":3,"6":3,"7":3,"8":5,"9":5,"10":5,"11":3,"12":2,"13":23,"14":23,"15":7,"16":7,"17":7,"18":5,"19":2,"20":2,"21":7,"22":23},"f":{"0":5,"1":5,"2":23,"3":7,"4":7},"b":{"0":[3,2],"1":[2,0],"2":[2,5]}}
,"/Users/niteshjain/Desktop/code/personal/jarvis/jarvis-backend/src/agent/tools/play-music/amazon-music.platform.ts": {"path":"/Users/niteshjain/Desktop/code/personal/jarvis/jarvis-backend/src/agent/tools/play-music/amazon-music.platform.ts","statementMap":{"0":{"start":{"line":2,"column":0},"end":{"line":2,"column":74}},"1":{"start":{"line":4,"column":52},"end":{"line":6,"column":1}},"2":{"start":{"line":5,"column":2},"end":{"line":5,"column":48}},"3":{"start":{"line":4,"column":13},"end":{"line":4,"column":52}}},"fnMap":{"0":{"name":"(anonymous_0)","decl":{"start":{"line":4,"column":52},"end":{"line":4,"column":57}},"loc":{"start":{"line":4,"column":63},"end":{"line":6,"column":1}}}},"branchMap":{},"s":{"0":4,"1":4,"2":0,"3":4},"f":{"0":0},"b":{}}
,"/Users/niteshjain/Desktop/code/personal/jarvis/jarvis-backend/src/agent/tools/play-music/apple-music.platform.ts": {"path":"/Users/niteshjain/Desktop/code/personal/jarvis/jarvis-backend/src/agent/tools/play-music/apple-music.platform.ts","statementMap":{"0":{"start":{"line":2,"column":0},"end":{"line":2,"column":74}},"1":{"start":{"line":4,"column":51},"end":{"line":6,"column":1}},"2":{"start":{"line":5,"column":2},"end":{"line":5,"column":47}},"3":{"start":{"line":4,"column":13},"end":{"line":4,"column":51}}},"fnMap":{"0":{"name":"(anonymous_0)","decl":{"start":{"line":4,"column":51},"end":{"line":4,"column":56}},"loc":{"start":{"line":4,"column":62},"end":{"line":6,"column":1}}}},"branchMap":{},"s":{"0":4,"1":4,"2":1,"3":4},"f":{"0":1},"b":{}}
,"/Users/niteshjain/Desktop/code/personal/jarvis/jarvis-backend/src/agent/tools/play-music/index.ts": {"path":"/Users/niteshjain/Desktop/code/personal/jarvis/jarvis-backend/src/agent/tools/play-music/index.ts","statementMap":{"0":{"start":{"line":25,"column":0},"end":{"line":25,"column":16}},"1":{"start":{"line":1,"column":0},"end":{"line":1,"column":45}},"2":{"start":{"line":3,"column":0},"end":{"line":3,"column":24}},"3":{"start":{"line":5,"column":0},"end":{"line":5,"column":54}},"4":{"start":{"line":6,"column":0},"end":{"line":6,"column":70}},"5":{"start":{"line":8,"column":0},"end":{"line":8,"column":61}},"6":{"start":{"line":10,"column":0},"end":{"line":10,"column":74}},"7":{"start":{"line":11,"column":0},"end":{"line":11,"column":52}},"8":{"start":{"line":13,"column":0},"end":{"line":13,"column":9}},"9":{"start":{"line":13,"column":9},"end":{"line":13,"column":33}},"10":{"start":{"line":13,"column":33},"end":{"line":13,"column":74}},"11":{"start":{"line":14,"column":0},"end":{"line":14,"column":9}},"12":{"start":{"line":14,"column":9},"end":{"line":14,"column":52}},"13":{"start":{"line":17,"column":13},"end":{"line":23,"column":11}},"14":{"start":{"line":29,"column":25},"end":{"line":104,"column":null}},"15":{"start":{"line":31,"column":33},"end":{"line":31,"column":60}},"16":{"start":{"line":32,"column":23},"end":{"line":32,"column":75}},"17":{"start":{"line":33,"column":22},"end":{"line":39,"column":8}},"18":{"start":{"line":40,"column":22},"end":{"line":45,"column":null}},"19":{"start":{"line":41,"column":8},"end":{"line":45,"column":null}},"20":{"start":{"line":49,"column":6},"end":{"line":68,"column":7}},"21":{"start":{"line":50,"column":8},"end":{"line":58,"column":28}},"22":{"start":{"line":60,"column":8},"end":{"line":67,"column":11}},"23":{"start":{"line":62,"column":39},"end":{"line":66,"column":12}},"24":{"start":{"line":70,"column":6},"end":{"line":74,"column":8}},"25":{"start":{"line":107,"column":2},"end":{"line":111,"column":4}}},"fnMap":{"0":{"name":"(anonymous_0)","decl":{"start":{"line":13,"column":9},"end":{"line":13,"column":31}},"loc":{"start":{"line":13,"column":9},"end":{"line":13,"column":33}}},"1":{"name":"(anonymous_1)","decl":{"start":{"line":13,"column":33},"end":{"line":13,"column":50}},"loc":{"start":{"line":13,"column":33},"end":{"line":13,"column":74}}},"2":{"name":"(anonymous_2)","decl":{"start":{"line":14,"column":9},"end":{"line":14,"column":28}},"loc":{"start":{"line":14,"column":9},"end":{"line":14,"column":52}}},"3":{"name":"buildPlayMusicTool","decl":{"start":{"line":25,"column":16},"end":{"line":25,"column":34}},"loc":{"start":{"line":27,"column":40},"end":{"line":112,"column":1}}},"4":{"name":"(anonymous_4)","decl":{"start":{"line":30,"column":4},"end":{"line":30,"column":9}},"loc":{"start":{"line":30,"column":62},"end":{"line":75,"column":5}}},"5":{"name":"(anonymous_5)","decl":{"start":{"line":40,"column":22},"end":{"line":40,"column":25}},"loc":{"start":{"line":41,"column":8},"end":{"line":45,"column":null}}},"6":{"name":"(anonymous_6)","decl":{"start":{"line":62,"column":27},"end":{"line":62,"column":28}},"loc":{"start":{"line":62,"column":39},"end":{"line":66,"column":12}}}},"branchMap":{"0":{"loc":{"start":{"line":50,"column":23},"end":{"line":58,"column":27}},"type":"cond-expr","locations":[{"start":{"line":51,"column":12},"end":{"line":56,"column":null}},{"start":{"line":58,"column":12},"end":{"line":58,"column":27}}]}},"s":{"0":3,"1":3,"2":3,"3":3,"4":3,"5":3,"6":3,"7":3,"8":3,"9":5,"10":8,"11":3,"12":3,"13":3,"14":22,"15":7,"16":7,"17":6,"18":6,"19":6,"20":6,"21":6,"22":3,"23":2,"24":5,"25":22},"f":{"0":2,"1":5,"2":0,"3":22,"4":7,"5":6,"6":2},"b":{"0":[2,4]}}
,"/Users/niteshjain/Desktop/code/personal/jarvis/jarvis-backend/src/agent/tools/play-music/platform.ts": {"path":"/Users/niteshjain/Desktop/code/personal/jarvis/jarvis-backend/src/agent/tools/play-music/platform.ts","statementMap":{"0":{"start":{"line":13,"column":0},"end":{"line":13,"column":16}},"1":{"start":{"line":1,"column":13},"end":{"line":1,"column":48}},"2":{"start":{"line":3,"column":49},"end":{"line":11,"column":2}},"3":{"start":{"line":14,"column":21},"end":{"line":14,"column":71}},"4":{"start":{"line":15,"column":2},"end":{"line":15,"column":52}}},"fnMap":{"0":{"name":"normalizePlatform","decl":{"start":{"line":13,"column":16},"end":{"line":13,"column":33}},"loc":{"start":{"line":13,"column":50},"end":{"line":16,"column":1}}}},"branchMap":{"0":{"loc":{"start":{"line":15,"column":9},"end":{"line":15,"column":51}},"type":"binary-expr","locations":[{"start":{"line":15,"column":9},"end":{"line":15,"column":37}},{"start":{"line":15,"column":41},"end":{"line":15,"column":51}}]}},"s":{"0":5,"1":5,"2":5,"3":18,"4":18},"f":{"0":18},"b":{"0":[18,2]}}
,"/Users/niteshjain/Desktop/code/personal/jarvis/jarvis-backend/src/agent/tools/play-music/resolver.ts": {"path":"/Users/niteshjain/Desktop/code/personal/jarvis/jarvis-backend/src/agent/tools/play-music/resolver.ts","statementMap":{"0":{"start":{"line":19,"column":0},"end":{"line":19,"column":7}},"1":{"start":{"line":1,"column":0},"end":{"line":1,"column":53}},"2":{"start":{"line":3,"column":0},"end":{"line":3,"column":64}},"3":{"start":{"line":4,"column":0},"end":{"line":4,"column":62}},"4":{"start":{"line":5,"column":0},"end":{"line":5,"column":50}},"5":{"start":{"line":6,"column":0},"end":{"line":6,"column":61}},"6":{"start":{"line":7,"column":0},"end":{"line":7,"column":55}},"7":{"start":{"line":9,"column":0},"end":{"line":9,"column":55}},"8":{"start":{"line":11,"column":61},"end":{"line":17,"column":2}},"9":{"start":{"line":20,"column":29},"end":{"line":20,"column":56}},"10":{"start":{"line":21,"column":19},"end":{"line":21,"column":57}},"11":{"start":{"line":23,"column":2},"end":{"line":27,"column":3}},"12":{"start":{"line":24,"column":4},"end":{"line":26,"column":6}},"13":{"start":{"line":29,"column":2},"end":{"line":29,"column":25}}},"fnMap":{"0":{"name":"resolvePlayMusicUrl","decl":{"start":{"line":19,"column":22},"end":{"line":19,"column":41}},"loc":{"start":{"line":19,"column":73},"end":{"line":30,"column":1}}}},"branchMap":{"0":{"loc":{"start":{"line":23,"column":2},"end":{"line":27,"column":3}},"type":"if","locations":[{"start":{"line":23,"column":2},"end":{"line":27,"column":3}},{"start":{},"end":{}}]}},"s":{"0":4,"1":4,"2":4,"3":4,"4":4,"5":4,"6":4,"7":4,"8":4,"9":6,"10":6,"11":6,"12":1,"13":5},"f":{"0":6},"b":{"0":[1,5]}}
,"/Users/niteshjain/Desktop/code/personal/jarvis/jarvis-backend/src/agent/tools/play-music/soundcloud.platform.ts": {"path":"/Users/niteshjain/Desktop/code/personal/jarvis/jarvis-backend/src/agent/tools/play-music/soundcloud.platform.ts","statementMap":{"0":{"start":{"line":2,"column":0},"end":{"line":2,"column":74}},"1":{"start":{"line":4,"column":51},"end":{"line":6,"column":1}},"2":{"start":{"line":5,"column":2},"end":{"line":5,"column":46}},"3":{"start":{"line":4,"column":13},"end":{"line":4,"column":51}}},"fnMap":{"0":{"name":"(anonymous_0)","decl":{"start":{"line":4,"column":51},"end":{"line":4,"column":56}},"loc":{"start":{"line":4,"column":62},"end":{"line":6,"column":1}}}},"branchMap":{},"s":{"0":4,"1":4,"2":0,"3":4},"f":{"0":0},"b":{}}
,"/Users/niteshjain/Desktop/code/personal/jarvis/jarvis-backend/src/agent/tools/play-music/spotify.platform.ts": {"path":"/Users/niteshjain/Desktop/code/personal/jarvis/jarvis-backend/src/agent/tools/play-music/spotify.platform.ts","statementMap":{"0":{"start":{"line":71,"column":0},"end":{"line":71,"column":16}},"1":{"start":{"line":1,"column":0},"end":{"line":1,"column":53}},"2":{"start":{"line":2,"column":0},"end":{"line":2,"column":38}},"3":{"start":{"line":6,"column":69},"end":{"line":6,"column":73}},"4":{"start":{"line":9,"column":19},"end":{"line":9,"column":40}},"5":{"start":{"line":10,"column":23},"end":{"line":10,"column":48}},"6":{"start":{"line":12,"column":2},"end":{"line":14,"column":3}},"7":{"start":{"line":13,"column":4},"end":{"line":13,"column":87}},"8":{"start":{"line":16,"column":2},"end":{"line":18,"column":3}},"9":{"start":{"line":17,"column":4},"end":{"line":17,"column":35}},"10":{"start":{"line":20,"column":22},"end":{"line":20,"column":83}},"11":{"start":{"line":21,"column":19},"end":{"line":28,"column":4}},"12":{"start":{"line":30,"column":2},"end":{"line":32,"column":3}},"13":{"start":{"line":31,"column":4},"end":{"line":31,"column":73}},"14":{"start":{"line":34,"column":16},"end":{"line":34,"column":37}},"15":{"start":{"line":35,"column":2},"end":{"line":38,"column":4}},"16":{"start":{"line":40,"column":2},"end":{"line":40,"column":33}},"17":{"start":{"line":43,"column":48},"end":{"line":69,"column":1}},"18":{"start":{"line":44,"column":22},"end":{"line":44,"column":51}},"19":{"start":{"line":45,"column":17},"end":{"line":45,"column":77}},"20":{"start":{"line":46,"column":19},"end":{"line":48,"column":4}},"21":{"start":{"line":50,"column":2},"end":{"line":52,"column":3}},"22":{"start":{"line":51,"column":4},"end":{"line":51,"column":66}},"23":{"start":{"line":54,"column":16},"end":{"line":54,"column":37}},"24":{"start":{"line":57,"column":16},"end":{"line":57,"column":39}},"25":{"start":{"line":59,"column":2},"end":{"line":61,"column":3}},"26":{"start":{"line":60,"column":4},"end":{"line":60,"column":69}},"27":{"start":{"line":63,"column":2},"end":{"line":68,"column":4}},"28":{"start":{"line":43,"column":13},"end":{"line":43,"column":48}},"29":{"start":{"line":72,"column":2},"end":{"line":72,"column":21}}},"fnMap":{"0":{"name":"getSpotifyAccessToken","decl":{"start":{"line":8,"column":15},"end":{"line":8,"column":36}},"loc":{"start":{"line":8,"column":36},"end":{"line":41,"column":1}}},"1":{"name":"(anonymous_1)","decl":{"start":{"line":43,"column":48},"end":{"line":43,"column":53}},"loc":{"start":{"line":43,"column":64},"end":{"line":69,"column":1}}},"2":{"name":"resetSpotifyTokenCacheForTests","decl":{"start":{"line":71,"column":16},"end":{"line":71,"column":46}},"loc":{"start":{"line":71,"column":46},"end":{"line":73,"column":1}}}},"branchMap":{"0":{"loc":{"start":{"line":12,"column":2},"end":{"line":14,"column":3}},"type":"if","locations":[{"start":{"line":12,"column":2},"end":{"line":14,"column":3}},{"start":{},"end":{}}]},"1":{"loc":{"start":{"line":12,"column":6},"end":{"line":12,"column":32}},"type":"binary-expr","locations":[{"start":{"line":12,"column":6},"end":{"line":12,"column":15}},{"start":{"line":12,"column":19},"end":{"line":12,"column":32}}]},"2":{"loc":{"start":{"line":16,"column":2},"end":{"line":18,"column":3}},"type":"if","locations":[{"start":{"line":16,"column":2},"end":{"line":18,"column":3}},{"start":{},"end":{}}]},"3":{"loc":{"start":{"line":16,"column":6},"end":{"line":16,"column":55}},"type":"binary-expr","locations":[{"start":{"line":16,"column":6},"end":{"line":16,"column":17}},{"start":{"line":16,"column":21},"end":{"line":16,"column":55}}]},"4":{"loc":{"start":{"line":30,"column":2},"end":{"line":32,"column":3}},"type":"if","locations":[{"start":{"line":30,"column":2},"end":{"line":32,"column":3}},{"start":{},"end":{}}]},"5":{"loc":{"start":{"line":50,"column":2},"end":{"line":52,"column":3}},"type":"if","locations":[{"start":{"line":50,"column":2},"end":{"line":52,"column":3}},{"start":{},"end":{}}]},"6":{"loc":{"start":{"line":59,"column":2},"end":{"line":61,"column":3}},"type":"if","locations":[{"start":{"line":59,"column":2},"end":{"line":61,"column":3}},{"start":{},"end":{}}]}},"s":{"0":6,"1":6,"2":6,"3":6,"4":6,"5":6,"6":6,"7":1,"8":5,"9":1,"10":4,"11":4,"12":4,"13":0,"14":4,"15":4,"16":4,"17":6,"18":6,"19":5,"20":5,"21":5,"22":0,"23":5,"24":5,"25":5,"26":1,"27":4,"28":6,"29":5},"f":{"0":6,"1":6,"2":5},"b":{"0":[1,5],"1":[6,5],"2":[1,4],"3":[5,1],"4":[0,4],"5":[0,5],"6":[1,4]}}
,"/Users/niteshjain/Desktop/code/personal/jarvis/jarvis-backend/src/agent/tools/play-music/unsupported-platform.ts": {"path":"/Users/niteshjain/Desktop/code/personal/jarvis/jarvis-backend/src/agent/tools/play-music/unsupported-platform.ts","statementMap":{"0":{"start":{"line":5,"column":0},"end":{"line":5,"column":16}},"1":{"start":{"line":1,"column":0},"end":{"line":1,"column":53}},"2":{"start":{"line":3,"column":30},"end":{"line":3,"column":61}},"3":{"start":{"line":6,"column":2},"end":{"line":8,"column":4}}},"fnMap":{"0":{"name":"throwUnsupportedPlatformError","decl":{"start":{"line":5,"column":16},"end":{"line":5,"column":45}},"loc":{"start":{"line":5,"column":62},"end":{"line":9,"column":1}}}},"branchMap":{},"s":{"0":4,"1":4,"2":4,"3":1},"f":{"0":1},"b":{}}
,"/Users/niteshjain/Desktop/code/personal/jarvis/jarvis-backend/src/agent/tools/play-music/youtube.platform.ts": {"path":"/Users/niteshjain/Desktop/code/personal/jarvis/jarvis-backend/src/agent/tools/play-music/youtube.platform.ts","statementMap":{"0":{"start":{"line":1,"column":0},"end":{"line":1,"column":53}},"1":{"start":{"line":2,"column":0},"end":{"line":2,"column":38}},"2":{"start":{"line":6,"column":48},"end":{"line":42,"column":1}},"3":{"start":{"line":7,"column":17},"end":{"line":7,"column":36}},"4":{"start":{"line":8,"column":2},"end":{"line":10,"column":3}},"5":{"start":{"line":9,"column":4},"end":{"line":9,"column":58}},"6":{"start":{"line":12,"column":17},"end":{"line":19,"column":4}},"7":{"start":{"line":21,"column":19},"end":{"line":21,"column":88}},"8":{"start":{"line":22,"column":2},"end":{"line":24,"column":3}},"9":{"start":{"line":23,"column":4},"end":{"line":23,"column":66}},"10":{"start":{"line":26,"column":16},"end":{"line":26,"column":37}},"11":{"start":{"line":29,"column":15},"end":{"line":29,"column":30}},"12":{"start":{"line":30,"column":18},"end":{"line":30,"column":35}},"13":{"start":{"line":32,"column":2},"end":{"line":34,"column":3}},"14":{"start":{"line":33,"column":4},"end":{"line":33,"column":69}},"15":{"start":{"line":36,"column":2},"end":{"line":41,"column":4}},"16":{"start":{"line":6,"column":13},"end":{"line":6,"column":48}}},"fnMap":{"0":{"name":"(anonymous_0)","decl":{"start":{"line":6,"column":48},"end":{"line":6,"column":53}},"loc":{"start":{"line":6,"column":64},"end":{"line":42,"column":1}}}},"branchMap":{"0":{"loc":{"start":{"line":8,"column":2},"end":{"line":10,"column":3}},"type":"if","locations":[{"start":{"line":8,"column":2},"end":{"line":10,"column":3}},{"start":{},"end":{}}]},"1":{"loc":{"start":{"line":22,"column":2},"end":{"line":24,"column":3}},"type":"if","locations":[{"start":{"line":22,"column":2},"end":{"line":24,"column":3}},{"start":{},"end":{}}]},"2":{"loc":{"start":{"line":32,"column":2},"end":{"line":34,"column":3}},"type":"if","locations":[{"start":{"line":32,"column":2},"end":{"line":34,"column":3}},{"start":{},"end":{}}]}},"s":{"0":6,"1":6,"2":6,"3":6,"4":6,"5":2,"6":4,"7":4,"8":4,"9":0,"10":4,"11":4,"12":4,"13":4,"14":1,"15":3,"16":6},"f":{"0":6},"b":{"0":[2,4],"1":[0,4],"2":[1,3]}}
,"/Users/niteshjain/Desktop/code/personal/jarvis/jarvis-backend/src/config/agenda.ts": {"path":"/Users/niteshjain/Desktop/code/personal/jarvis/jarvis-backend/src/config/agenda.ts","statementMap":{"0":{"start":{"line":10,"column":0},"end":{"line":10,"column":16}},"1":{"start":{"line":25,"column":0},"end":{"line":25,"column":16}},"2":{"start":{"line":29,"column":0},"end":{"line":29,"column":7}},"3":{"start":{"line":54,"column":0},"end":{"line":54,"column":7}},"4":{"start":{"line":1,"column":0},"end":{"line":1,"column":55}},"5":{"start":{"line":2,"column":0},"end":{"line":2,"column":32}},"6":{"start":{"line":3,"column":0},"end":{"line":3,"column":32}},"7":{"start":{"line":4,"column":0},"end":{"line":4,"column":38}},"8":{"start":{"line":5,"column":0},"end":{"line":5,"column":84}},"9":{"start":{"line":6,"column":0},"end":{"line":6,"column":43}},"10":{"start":{"line":8,"column":36},"end":{"line":8,"column":40}},"11":{"start":{"line":14,"column":23},"end":{"line":14,"column":47}},"12":{"start":{"line":15,"column":19},"end":{"line":15,"column":42}},"13":{"start":{"line":17,"column":2},"end":{"line":19,"column":3}},"14":{"start":{"line":18,"column":4},"end":{"line":18,"column":15}},"15":{"start":{"line":21,"column":16},"end":{"line":21,"column":68}},"16":{"start":{"line":22,"column":2},"end":{"line":22,"column":51}},"17":{"start":{"line":26,"column":2},"end":{"line":26,"column":24}},"18":{"start":{"line":30,"column":2},"end":{"line":32,"column":3}},"19":{"start":{"line":31,"column":4},"end":{"line":31,"column":26}},"20":{"start":{"line":34,"column":2},"end":{"line":36,"column":3}},"21":{"start":{"line":35,"column":4},"end":{"line":35,"column":72}},"22":{"start":{"line":38,"column":17},"end":{"line":44,"column":4}},"23":{"start":{"line":46,"column":2},"end":{"line":46,"column":41}},"24":{"start":{"line":47,"column":2},"end":{"line":47,"column":23}},"25":{"start":{"line":48,"column":2},"end":{"line":48,"column":26}},"26":{"start":{"line":49,"column":2},"end":{"line":49,"column":46}},"27":{"start":{"line":51,"column":2},"end":{"line":51,"column":16}},"28":{"start":{"line":55,"column":2},"end":{"line":57,"column":3}},"29":{"start":{"line":56,"column":4},"end":{"line":56,"column":11}},"30":{"start":{"line":59,"column":2},"end":{"line":59,"column":30}},"31":{"start":{"line":60,"column":2},"end":{"line":60,"column":24}},"32":{"start":{"line":61,"column":2},"end":{"line":61,"column":46}}},"fnMap":{"0":{"name":"buildMongoAddress","decl":{"start":{"line":10,"column":16},"end":{"line":10,"column":33}},"loc":{"start":{"line":12,"column":45},"end":{"line":23,"column":1}}},"1":{"name":"getAgenda","decl":{"start":{"line":25,"column":16},"end":{"line":25,"column":25}},"loc":{"start":{"line":25,"column":25},"end":{"line":27,"column":1}}},"2":{"name":"startAgenda","decl":{"start":{"line":29,"column":22},"end":{"line":29,"column":33}},"loc":{"start":{"line":29,"column":33},"end":{"line":52,"column":1}}},"3":{"name":"stopAgenda","decl":{"start":{"line":54,"column":22},"end":{"line":54,"column":32}},"loc":{"start":{"line":54,"column":32},"end":{"line":62,"column":1}}}},"branchMap":{"0":{"loc":{"start":{"line":11,"column":2},"end":{"line":11,"column":31}},"type":"default-arg","locations":[{"start":{"line":11,"column":16},"end":{"line":11,"column":31}}]},"1":{"loc":{"start":{"line":12,"column":2},"end":{"line":12,"column":45}},"type":"default-arg","locations":[{"start":{"line":12,"column":25},"end":{"line":12,"column":45}}]},"2":{"loc":{"start":{"line":14,"column":23},"end":{"line":14,"column":47}},"type":"binary-expr","locations":[{"start":{"line":14,"column":23},"end":{"line":14,"column":40}},{"start":{"line":14,"column":44},"end":{"line":14,"column":47}}]},"3":{"loc":{"start":{"line":17,"column":2},"end":{"line":19,"column":3}},"type":"if","locations":[{"start":{"line":17,"column":2},"end":{"line":19,"column":3}},{"start":{},"end":{}}]},"4":{"loc":{"start":{"line":17,"column":6},"end":{"line":17,"column":65}},"type":"binary-expr","locations":[{"start":{"line":17,"column":6},"end":{"line":17,"column":25}},{"start":{"line":17,"column":29},"end":{"line":17,"column":65}}]},"5":{"loc":{"start":{"line":21,"column":16},"end":{"line":21,"column":68}},"type":"cond-expr","locations":[{"start":{"line":21,"column":36},"end":{"line":21,"column":63}},{"start":{"line":21,"column":66},"end":{"line":21,"column":68}}]},"6":{"loc":{"start":{"line":30,"column":2},"end":{"line":32,"column":3}},"type":"if","locations":[{"start":{"line":30,"column":2},"end":{"line":32,"column":3}},{"start":{},"end":{}}]},"7":{"loc":{"start":{"line":34,"column":2},"end":{"line":36,"column":3}},"type":"if","locations":[{"start":{"line":34,"column":2},"end":{"line":36,"column":3}},{"start":{},"end":{}}]},"8":{"loc":{"start":{"line":55,"column":2},"end":{"line":57,"column":3}},"type":"if","locations":[{"start":{"line":55,"column":2},"end":{"line":57,"column":3}},{"start":{},"end":{}}]}},"s":{"0":1,"1":1,"2":1,"3":1,"4":1,"5":1,"6":1,"7":1,"8":1,"9":1,"10":1,"11":5,"12":5,"13":5,"14":1,"15":4,"16":4,"17":3,"18":5,"19":1,"20":4,"21":1,"22":3,"23":3,"24":3,"25":3,"26":3,"27":3,"28":8,"29":5,"30":3,"31":3,"32":3},"f":{"0":5,"1":3,"2":5,"3":8},"b":{"0":[3],"1":[4],"2":[5,0],"3":[1,4],"4":[5,1],"5":[0,4],"6":[1,4],"7":[1,3],"8":[5,3]}}
,"/Users/niteshjain/Desktop/code/personal/jarvis/jarvis-backend/src/config/command-catalog.ts": {"path":"/Users/niteshjain/Desktop/code/personal/jarvis/jarvis-backend/src/config/command-catalog.ts","statementMap":{"0":{"start":{"line":42,"column":0},"end":{"line":42,"column":16}},"1":{"start":{"line":10,"column":13},"end":{"line":36,"column":2}},"2":{"start":{"line":38,"column":13},"end":{"line":40,"column":2}},"3":{"start":{"line":39,"column":33},"end":{"line":39,"column":46}},"4":{"start":{"line":43,"column":2},"end":{"line":43,"column":68}},"5":{"start":{"line":43,"column":41},"end":{"line":43,"column":66}}},"fnMap":{"0":{"name":"(anonymous_0)","decl":{"start":{"line":39,"column":22},"end":{"line":39,"column":23}},"loc":{"start":{"line":39,"column":33},"end":{"line":39,"column":46}}},"1":{"name":"getCommandCatalogEntry","decl":{"start":{"line":42,"column":16},"end":{"line":42,"column":38}},"loc":{"start":{"line":42,"column":54},"end":{"line":44,"column":1}}},"2":{"name":"(anonymous_2)","decl":{"start":{"line":43,"column":30},"end":{"line":43,"column":31}},"loc":{"start":{"line":43,"column":41},"end":{"line":43,"column":66}}}},"branchMap":{},"s":{"0":1,"1":1,"2":1,"3":3,"4":2,"5":4},"f":{"0":3,"1":2,"2":4},"b":{}}
,"/Users/niteshjain/Desktop/code/personal/jarvis/jarvis-backend/src/config/env.ts": {"path":"/Users/niteshjain/Desktop/code/personal/jarvis/jarvis-backend/src/config/env.ts","statementMap":{"0":{"start":{"line":1,"column":0},"end":{"line":1,"column":23}},"1":{"start":{"line":2,"column":0},"end":{"line":2,"column":24}},"2":{"start":{"line":4,"column":18},"end":{"line":19,"column":2}},"3":{"start":{"line":21,"column":15},"end":{"line":21,"column":47}},"4":{"start":{"line":23,"column":0},"end":{"line":31,"column":1}},"5":{"start":{"line":26,"column":2},"end":{"line":26,"column":50}},"6":{"start":{"line":27,"column":2},"end":{"line":29,"column":3}},"7":{"start":{"line":28,"column":4},"end":{"line":28,"column":65}},"8":{"start":{"line":30,"column":2},"end":{"line":30,"column":18}},"9":{"start":{"line":33,"column":13},"end":{"line":33,"column":46}},"10":{"start":{"line":35,"column":13},"end":{"line":35,"column":58}}},"fnMap":{},"branchMap":{"0":{"loc":{"start":{"line":23,"column":0},"end":{"line":31,"column":1}},"type":"if","locations":[{"start":{"line":23,"column":0},"end":{"line":31,"column":1}},{"start":{},"end":{}}]}},"s":{"0":28,"1":28,"2":28,"3":28,"4":28,"5":2,"6":2,"7":2,"8":2,"9":26,"10":26},"f":{},"b":{"0":[2,26]}}
,"/Users/niteshjain/Desktop/code/personal/jarvis/jarvis-backend/src/config/mongodb.ts": {"path":"/Users/niteshjain/Desktop/code/personal/jarvis/jarvis-backend/src/config/mongodb.ts","statementMap":{"0":{"start":{"line":5,"column":0},"end":{"line":5,"column":7}},"1":{"start":{"line":17,"column":0},"end":{"line":17,"column":7}},"2":{"start":{"line":1,"column":0},"end":{"line":1,"column":32}},"3":{"start":{"line":2,"column":0},"end":{"line":2,"column":38}},"4":{"start":{"line":3,"column":0},"end":{"line":3,"column":43}},"5":{"start":{"line":9,"column":2},"end":{"line":11,"column":3}},"6":{"start":{"line":10,"column":4},"end":{"line":10,"column":11}},"7":{"start":{"line":13,"column":2},"end":{"line":13,"column":56}},"8":{"start":{"line":14,"column":2},"end":{"line":14,"column":66}},"9":{"start":{"line":18,"column":2},"end":{"line":20,"column":3}},"10":{"start":{"line":19,"column":4},"end":{"line":19,"column":11}},"11":{"start":{"line":22,"column":2},"end":{"line":22,"column":30}},"12":{"start":{"line":23,"column":2},"end":{"line":23,"column":43}}},"fnMap":{"0":{"name":"connectMongo","decl":{"start":{"line":5,"column":22},"end":{"line":5,"column":34}},"loc":{"start":{"line":7,"column":45},"end":{"line":15,"column":1}}},"1":{"name":"disconnectMongo","decl":{"start":{"line":17,"column":22},"end":{"line":17,"column":37}},"loc":{"start":{"line":17,"column":37},"end":{"line":24,"column":1}}}},"branchMap":{"0":{"loc":{"start":{"line":6,"column":2},"end":{"line":6,"column":31}},"type":"default-arg","locations":[{"start":{"line":6,"column":16},"end":{"line":6,"column":31}}]},"1":{"loc":{"start":{"line":7,"column":2},"end":{"line":7,"column":45}},"type":"default-arg","locations":[{"start":{"line":7,"column":25},"end":{"line":7,"column":45}}]},"2":{"loc":{"start":{"line":9,"column":2},"end":{"line":11,"column":3}},"type":"if","locations":[{"start":{"line":9,"column":2},"end":{"line":11,"column":3}},{"start":{},"end":{}}]},"3":{"loc":{"start":{"line":18,"column":2},"end":{"line":20,"column":3}},"type":"if","locations":[{"start":{"line":18,"column":2},"end":{"line":20,"column":3}},{"start":{},"end":{}}]}},"s":{"0":8,"1":8,"2":8,"3":8,"4":8,"5":10,"6":1,"7":9,"8":9,"9":17,"10":8,"11":9,"12":9},"f":{"0":10,"1":17},"b":{"0":[1],"1":[1],"2":[1,9],"3":[8,9]}}
,"/Users/niteshjain/Desktop/code/personal/jarvis/jarvis-backend/src/config/qdrant.ts": {"path":"/Users/niteshjain/Desktop/code/personal/jarvis/jarvis-backend/src/config/qdrant.ts","statementMap":{"0":{"start":{"line":10,"column":0},"end":{"line":10,"column":16}},"1":{"start":{"line":17,"column":0},"end":{"line":17,"column":7}},"2":{"start":{"line":1,"column":0},"end":{"line":1,"column":54}},"3":{"start":{"line":2,"column":0},"end":{"line":2,"column":38}},"4":{"start":{"line":3,"column":0},"end":{"line":3,"column":43}},"5":{"start":{"line":5,"column":13},"end":{"line":5,"column":40}},"6":{"start":{"line":6,"column":13},"end":{"line":6,"column":46}},"7":{"start":{"line":11,"column":2},"end":{"line":13,"column":3}},"8":{"start":{"line":12,"column":4},"end":{"line":12,"column":56}},"9":{"start":{"line":14,"column":2},"end":{"line":14,"column":17}},"10":{"start":{"line":18,"column":17},"end":{"line":18,"column":34}},"11":{"start":{"line":19,"column":21},"end":{"line":19,"column":67}},"12":{"start":{"line":20,"column":2},"end":{"line":23,"column":3}},"13":{"start":{"line":21,"column":4},"end":{"line":21,"column":85}},"14":{"start":{"line":22,"column":4},"end":{"line":22,"column":11}},"15":{"start":{"line":24,"column":2},"end":{"line":26,"column":5}},"16":{"start":{"line":27,"column":2},"end":{"line":27,"column":76}}},"fnMap":{"0":{"name":"getQdrantClient","decl":{"start":{"line":10,"column":16},"end":{"line":10,"column":31}},"loc":{"start":{"line":10,"column":31},"end":{"line":15,"column":1}}},"1":{"name":"ensureCollection","decl":{"start":{"line":17,"column":22},"end":{"line":17,"column":38}},"loc":{"start":{"line":17,"column":38},"end":{"line":28,"column":1}}}},"branchMap":{"0":{"loc":{"start":{"line":11,"column":2},"end":{"line":13,"column":3}},"type":"if","locations":[{"start":{"line":11,"column":2},"end":{"line":13,"column":3}},{"start":{},"end":{}}]},"1":{"loc":{"start":{"line":20,"column":2},"end":{"line":23,"column":3}},"type":"if","locations":[{"start":{"line":20,"column":2},"end":{"line":23,"column":3}},{"start":{},"end":{}}]}},"s":{"0":3,"1":3,"2":3,"3":3,"4":3,"5":3,"6":3,"7":4,"8":3,"9":4,"10":2,"11":2,"12":2,"13":1,"14":1,"15":1,"16":1},"f":{"0":4,"1":2},"b":{"0":[3,1],"1":[1,1]}}
,"/Users/niteshjain/Desktop/code/personal/jarvis/jarvis-backend/src/controllers/health.controller.ts": {"path":"/Users/niteshjain/Desktop/code/personal/jarvis/jarvis-backend/src/controllers/health.controller.ts","statementMap":{"0":{"start":{"line":4,"column":0},"end":{"line":4,"column":16}},"1":{"start":{"line":2,"column":0},"end":{"line":2,"column":58}},"2":{"start":{"line":5,"column":2},"end":{"line":9,"column":5}}},"fnMap":{"0":{"name":"getHealth","decl":{"start":{"line":4,"column":16},"end":{"line":4,"column":25}},"loc":{"start":{"line":4,"column":54},"end":{"line":10,"column":1}}}},"branchMap":{},"s":{"0":1,"1":1,"2":2},"f":{"0":2},"b":{}}
,"/Users/niteshjain/Desktop/code/personal/jarvis/jarvis-backend/src/controllers/websocket/action-ack.controller.ts": {"path":"/Users/niteshjain/Desktop/code/personal/jarvis/jarvis-backend/src/controllers/websocket/action-ack.controller.ts","statementMap":{"0":{"start":{"line":4,"column":0},"end":{"line":4,"column":7}},"1":{"start":{"line":2,"column":0},"end":{"line":2,"column":88}},"2":{"start":{"line":5,"column":2},"end":{"line":7,"column":3}},"3":{"start":{"line":6,"column":4},"end":{"line":6,"column":11}},"4":{"start":{"line":9,"column":22},"end":{"line":9,"column":34}},"5":{"start":{"line":11,"column":2},"end":{"line":14,"column":3}},"6":{"start":{"line":12,"column":4},"end":{"line":12,"column":67}},"7":{"start":{"line":13,"column":4},"end":{"line":13,"column":11}},"8":{"start":{"line":16,"column":2},"end":{"line":19,"column":4}}},"fnMap":{"0":{"name":"handleActionAck","decl":{"start":{"line":4,"column":22},"end":{"line":4,"column":37}},"loc":{"start":{"line":4,"column":69},"end":{"line":20,"column":1}}}},"branchMap":{"0":{"loc":{"start":{"line":5,"column":2},"end":{"line":7,"column":3}},"type":"if","locations":[{"start":{"line":5,"column":2},"end":{"line":7,"column":3}},{"start":{},"end":{}}]},"1":{"loc":{"start":{"line":11,"column":2},"end":{"line":14,"column":3}},"type":"if","locations":[{"start":{"line":11,"column":2},"end":{"line":14,"column":3}},{"start":{},"end":{}}]},"2":{"loc":{"start":{"line":18,"column":4},"end":{"line":18,"column":44}},"type":"binary-expr","locations":[{"start":{"line":18,"column":4},"end":{"line":18,"column":25}},{"start":{"line":18,"column":29},"end":{"line":18,"column":44}}]}},"s":{"0":2,"1":2,"2":4,"3":0,"4":4,"5":4,"6":2,"7":2,"8":2},"f":{"0":4},"b":{"0":[0,4],"1":[2,2],"2":[2,0]}}
,"/Users/niteshjain/Desktop/code/personal/jarvis/jarvis-backend/src/controllers/websocket/index.ts": {"path":"/Users/niteshjain/Desktop/code/personal/jarvis/jarvis-backend/src/controllers/websocket/index.ts","statementMap":{"0":{"start":{"line":1,"column":0},"end":{"line":1,"column":83}},"1":{"start":{"line":2,"column":0},"end":{"line":2,"column":93}},"2":{"start":{"line":3,"column":0},"end":{"line":3,"column":85}},"3":{"start":{"line":7,"column":13},"end":{"line":14,"column":2}}},"fnMap":{},"branchMap":{},"s":{"0":1,"1":1,"2":1,"3":1},"f":{},"b":{}}
,"/Users/niteshjain/Desktop/code/personal/jarvis/jarvis-backend/src/controllers/websocket/location-update.controller.ts": {"path":"/Users/niteshjain/Desktop/code/personal/jarvis/jarvis-backend/src/controllers/websocket/location-update.controller.ts","statementMap":{"0":{"start":{"line":17,"column":0},"end":{"line":17,"column":7}},"1":{"start":{"line":4,"column":0},"end":{"line":4,"column":66}},"2":{"start":{"line":5,"column":0},"end":{"line":5,"column":48}},"3":{"start":{"line":6,"column":0},"end":{"line":6,"column":null}},"4":{"start":{"line":11,"column":0},"end":{"line":11,"column":43}},"5":{"start":{"line":14,"column":2},"end":{"line":14,"column":36}},"6":{"start":{"line":18,"column":2},"end":{"line":20,"column":3}},"7":{"start":{"line":19,"column":4},"end":{"line":19,"column":11}},"8":{"start":{"line":22,"column":2},"end":{"line":32,"column":3}},"9":{"start":{"line":23,"column":4},"end":{"line":23,"column":62}},"10":{"start":{"line":25,"column":4},"end":{"line":28,"column":5}},"11":{"start":{"line":26,"column":6},"end":{"line":26,"column":54}},"12":{"start":{"line":27,"column":6},"end":{"line":27,"column":13}},"13":{"start":{"line":30,"column":4},"end":{"line":30,"column":72}},"14":{"start":{"line":31,"column":4},"end":{"line":31,"column":56}}},"fnMap":{"0":{"name":"sendEnvelope","decl":{"start":{"line":13,"column":9},"end":{"line":13,"column":21}},"loc":{"start":{"line":13,"column":62},"end":{"line":15,"column":1}}},"1":{"name":"handleLocationUpdate","decl":{"start":{"line":17,"column":22},"end":{"line":17,"column":42}},"loc":{"start":{"line":17,"column":74},"end":{"line":33,"column":1}}}},"branchMap":{"0":{"loc":{"start":{"line":18,"column":2},"end":{"line":20,"column":3}},"type":"if","locations":[{"start":{"line":18,"column":2},"end":{"line":20,"column":3}},{"start":{},"end":{}}]},"1":{"loc":{"start":{"line":25,"column":4},"end":{"line":28,"column":5}},"type":"if","locations":[{"start":{"line":25,"column":4},"end":{"line":28,"column":5}},{"start":{},"end":{}}]},"2":{"loc":{"start":{"line":25,"column":8},"end":{"line":25,"column":52}},"type":"binary-expr","locations":[{"start":{"line":25,"column":8},"end":{"line":25,"column":31}},{"start":{"line":25,"column":35},"end":{"line":25,"column":52}}]}},"s":{"0":2,"1":2,"2":2,"3":2,"4":2,"5":2,"6":4,"7":0,"8":4,"9":4,"10":2,"11":1,"12":1,"13":1,"14":1},"f":{"0":2,"1":4},"b":{"0":[0,4],"1":[1,1],"2":[2,1]}}
,"/Users/niteshjain/Desktop/code/personal/jarvis/jarvis-backend/src/controllers/websocket/user-prompt.controller.ts": {"path":"/Users/niteshjain/Desktop/code/personal/jarvis/jarvis-backend/src/controllers/websocket/user-prompt.controller.ts","statementMap":{"0":{"start":{"line":18,"column":0},"end":{"line":18,"column":7}},"1":{"start":{"line":4,"column":0},"end":{"line":4,"column":64}},"2":{"start":{"line":5,"column":0},"end":{"line":5,"column":48}},"3":{"start":{"line":6,"column":0},"end":{"line":6,"column":null}},"4":{"start":{"line":12,"column":0},"end":{"line":12,"column":43}},"5":{"start":{"line":15,"column":2},"end":{"line":15,"column":36}},"6":{"start":{"line":19,"column":2},"end":{"line":21,"column":3}},"7":{"start":{"line":20,"column":4},"end":{"line":20,"column":11}},"8":{"start":{"line":23,"column":19},"end":{"line":23,"column":39}},"9":{"start":{"line":24,"column":2},"end":{"line":24,"column":74}},"10":{"start":{"line":26,"column":2},"end":{"line":37,"column":3}},"11":{"start":{"line":27,"column":19},"end":{"line":27,"column":67}},"12":{"start":{"line":28,"column":4},"end":{"line":28,"column":66}},"13":{"start":{"line":30,"column":4},"end":{"line":33,"column":5}},"14":{"start":{"line":31,"column":6},"end":{"line":31,"column":54}},"15":{"start":{"line":32,"column":6},"end":{"line":32,"column":13}},"16":{"start":{"line":35,"column":4},"end":{"line":35,"column":64}},"17":{"start":{"line":36,"column":4},"end":{"line":36,"column":56}}},"fnMap":{"0":{"name":"sendEnvelope","decl":{"start":{"line":14,"column":9},"end":{"line":14,"column":21}},"loc":{"start":{"line":14,"column":62},"end":{"line":16,"column":1}}},"1":{"name":"handleUserPrompt","decl":{"start":{"line":18,"column":22},"end":{"line":18,"column":38}},"loc":{"start":{"line":18,"column":70},"end":{"line":38,"column":1}}}},"branchMap":{"0":{"loc":{"start":{"line":19,"column":2},"end":{"line":21,"column":3}},"type":"if","locations":[{"start":{"line":19,"column":2},"end":{"line":21,"column":3}},{"start":{},"end":{}}]},"1":{"loc":{"start":{"line":30,"column":4},"end":{"line":33,"column":5}},"type":"if","locations":[{"start":{"line":30,"column":4},"end":{"line":33,"column":5}},{"start":{},"end":{}}]},"2":{"loc":{"start":{"line":30,"column":8},"end":{"line":30,"column":52}},"type":"binary-expr","locations":[{"start":{"line":30,"column":8},"end":{"line":30,"column":31}},{"start":{"line":30,"column":35},"end":{"line":30,"column":52}}]}},"s":{"0":2,"1":2,"2":2,"3":2,"4":2,"5":9,"6":9,"7":0,"8":9,"9":9,"10":9,"11":9,"12":5,"13":4,"14":2,"15":2,"16":2,"17":2},"f":{"0":9,"1":9},"b":{"0":[0,9],"1":[2,2],"2":[4,2]}}
,"/Users/niteshjain/Desktop/code/personal/jarvis/jarvis-backend/src/errors/handle-error.ts": {"path":"/Users/niteshjain/Desktop/code/personal/jarvis/jarvis-backend/src/errors/handle-error.ts","statementMap":{"0":{"start":{"line":11,"column":0},"end":{"line":11,"column":16}},"1":{"start":{"line":1,"column":0},"end":{"line":1,"column":63}},"2":{"start":{"line":2,"column":0},"end":{"line":2,"column":45}},"3":{"start":{"line":12,"column":2},"end":{"line":14,"column":3}},"4":{"start":{"line":13,"column":4},"end":{"line":13,"column":16}},"5":{"start":{"line":16,"column":2},"end":{"line":18,"column":3}},"6":{"start":{"line":17,"column":4},"end":{"line":17,"column":42}},"7":{"start":{"line":20,"column":2},"end":{"line":20,"column":14}}},"fnMap":{"0":{"name":"handleJarvisError","decl":{"start":{"line":11,"column":16},"end":{"line":11,"column":33}},"loc":{"start":{"line":11,"column":79},"end":{"line":21,"column":1}}}},"branchMap":{"0":{"loc":{"start":{"line":12,"column":2},"end":{"line":14,"column":3}},"type":"if","locations":[{"start":{"line":12,"column":2},"end":{"line":14,"column":3}},{"start":{},"end":{}}]},"1":{"loc":{"start":{"line":16,"column":2},"end":{"line":18,"column":3}},"type":"if","locations":[{"start":{"line":16,"column":2},"end":{"line":18,"column":3}},{"start":{},"end":{}}]},"2":{"loc":{"start":{"line":16,"column":6},"end":{"line":16,"column":78}},"type":"binary-expr","locations":[{"start":{"line":16,"column":6},"end":{"line":16,"column":51}},{"start":{"line":16,"column":55},"end":{"line":16,"column":78}}]}},"s":{"0":18,"1":18,"2":18,"3":7,"4":1,"5":6,"6":3,"7":3},"f":{"0":7},"b":{"0":[1,6],"1":[3,3],"2":[6,3]}}
,"/Users/niteshjain/Desktop/code/personal/jarvis/jarvis-backend/src/errors/index.ts": {"path":"/Users/niteshjain/Desktop/code/personal/jarvis/jarvis-backend/src/errors/index.ts","statementMap":{"0":{"start":{"line":1,"column":0},"end":{"line":1,"column":9}},"1":{"start":{"line":1,"column":9},"end":{"line":1,"column":54}},"2":{"start":{"line":3,"column":0},"end":{"line":3,"column":9}},"3":{"start":{"line":3,"column":9},"end":{"line":3,"column":24}},"4":{"start":{"line":3,"column":24},"end":{"line":3,"column":63}},"5":{"start":{"line":4,"column":0},"end":{"line":4,"column":9}},"6":{"start":{"line":4,"column":9},"end":{"line":4,"column":45}},"7":{"start":{"line":5,"column":0},"end":{"line":5,"column":9}},"8":{"start":{"line":5,"column":9},"end":{"line":5,"column":27}},"9":{"start":{"line":5,"column":27},"end":{"line":5,"column":47}},"10":{"start":{"line":5,"column":47},"end":{"line":5,"column":90}}},"fnMap":{"0":{"name":"(anonymous_0)","decl":{"start":{"line":1,"column":9},"end":{"line":1,"column":26}},"loc":{"start":{"line":1,"column":9},"end":{"line":1,"column":54}}},"1":{"name":"(anonymous_1)","decl":{"start":{"line":3,"column":9},"end":{"line":3,"column":22}},"loc":{"start":{"line":3,"column":9},"end":{"line":3,"column":24}}},"2":{"name":"(anonymous_2)","decl":{"start":{"line":3,"column":24},"end":{"line":3,"column":35}},"loc":{"start":{"line":3,"column":24},"end":{"line":3,"column":63}}},"3":{"name":"(anonymous_3)","decl":{"start":{"line":4,"column":9},"end":{"line":4,"column":24}},"loc":{"start":{"line":4,"column":9},"end":{"line":4,"column":45}}},"4":{"name":"(anonymous_4)","decl":{"start":{"line":5,"column":9},"end":{"line":5,"column":25}},"loc":{"start":{"line":5,"column":9},"end":{"line":5,"column":27}}},"5":{"name":"(anonymous_5)","decl":{"start":{"line":5,"column":27},"end":{"line":5,"column":45}},"loc":{"start":{"line":5,"column":27},"end":{"line":5,"column":47}}},"6":{"name":"(anonymous_6)","decl":{"start":{"line":5,"column":47},"end":{"line":5,"column":63}},"loc":{"start":{"line":5,"column":47},"end":{"line":5,"column":90}}}},"branchMap":{},"s":{"0":18,"1":26,"2":18,"3":24,"4":31,"5":18,"6":41,"7":18,"8":20,"9":20,"10":29},"f":{"0":8,"1":6,"2":13,"3":23,"4":2,"5":2,"6":11},"b":{}}
,"/Users/niteshjain/Desktop/code/personal/jarvis/jarvis-backend/src/errors/jarvis-error.ts": {"path":"/Users/niteshjain/Desktop/code/personal/jarvis/jarvis-backend/src/errors/jarvis-error.ts","statementMap":{"0":{"start":{"line":17,"column":0},"end":{"line":17,"column":16}},"1":{"start":{"line":8,"column":4},"end":{"line":8,"column":19}},"2":{"start":{"line":9,"column":4},"end":{"line":9,"column":30}},"3":{"start":{"line":10,"column":4},"end":{"line":10,"column":21}},"4":{"start":{"line":11,"column":4},"end":{"line":11,"column":27}},"5":{"start":{"line":13,"column":4},"end":{"line":13,"column":52}},"6":{"start":{"line":3,"column":0},"end":{"line":3,"column":13}},"7":{"start":{"line":18,"column":2},"end":{"line":18,"column":38}}},"fnMap":{"0":{"name":"(anonymous_0)","decl":{"start":{"line":7,"column":2},"end":{"line":7,"column":14}},"loc":{"start":{"line":7,"column":87},"end":{"line":14,"column":3}}},"1":{"name":"isJarvisError","decl":{"start":{"line":17,"column":16},"end":{"line":17,"column":29}},"loc":{"start":{"line":17,"column":44},"end":{"line":19,"column":1}}}},"branchMap":{},"s":{"0":18,"1":25,"2":25,"3":25,"4":25,"5":25,"6":18,"7":12},"f":{"0":25,"1":12},"b":{}}
,"/Users/niteshjain/Desktop/code/personal/jarvis/jarvis-backend/src/errors/throw-error.ts": {"path":"/Users/niteshjain/Desktop/code/personal/jarvis/jarvis-backend/src/errors/throw-error.ts","statementMap":{"0":{"start":{"line":4,"column":0},"end":{"line":4,"column":16}},"1":{"start":{"line":8,"column":0},"end":{"line":8,"column":16}},"2":{"start":{"line":12,"column":0},"end":{"line":12,"column":16}},"3":{"start":{"line":1,"column":0},"end":{"line":1,"column":48}},"4":{"start":{"line":2,"column":0},"end":{"line":2,"column":45}},"5":{"start":{"line":5,"column":2},"end":{"line":5,"column":74}},"6":{"start":{"line":9,"column":2},"end":{"line":9,"column":72}},"7":{"start":{"line":13,"column":2},"end":{"line":13,"column":72}}},"fnMap":{"0":{"name":"throwClientTimeout","decl":{"start":{"line":4,"column":16},"end":{"line":4,"column":34}},"loc":{"start":{"line":4,"column":85},"end":{"line":6,"column":1}}},"1":{"name":"throwClientError","decl":{"start":{"line":8,"column":16},"end":{"line":8,"column":32}},"loc":{"start":{"line":8,"column":83},"end":{"line":10,"column":1}}},"2":{"name":"throwServerError","decl":{"start":{"line":12,"column":16},"end":{"line":12,"column":32}},"loc":{"start":{"line":12,"column":83},"end":{"line":14,"column":1}}}},"branchMap":{},"s":{"0":18,"1":18,"2":18,"3":18,"4":18,"5":1,"6":1,"7":10},"f":{"0":1,"1":1,"2":10},"b":{}}
,"/Users/niteshjain/Desktop/code/personal/jarvis/jarvis-backend/src/errors/types.ts": {"path":"/Users/niteshjain/Desktop/code/personal/jarvis/jarvis-backend/src/errors/types.ts","statementMap":{"0":{"start":{"line":1,"column":0},"end":{"line":1,"column":null}},"1":{"start":{"line":2,"column":2},"end":{"line":2,"column":null}},"2":{"start":{"line":3,"column":2},"end":{"line":3,"column":null}},"3":{"start":{"line":4,"column":2},"end":{"line":4,"column":null}}},"fnMap":{"0":{"name":"(anonymous_0)","decl":{"start":{"line":1,"column":0},"end":{"line":1,"column":12}},"loc":{"start":{"line":1,"column":27},"end":{"line":5,"column":1}}}},"branchMap":{"0":{"loc":{"start":{"line":1,"column":12},"end":{"line":1,"column":null}},"type":"binary-expr","locations":[{"start":{"line":1,"column":12},"end":{"line":1,"column":27}},{"start":{"line":1,"column":27},"end":{"line":1,"column":null}}]}},"s":{"0":18,"1":18,"2":18,"3":18},"f":{"0":18},"b":{"0":[18,18]}}
,"/Users/niteshjain/Desktop/code/personal/jarvis/jarvis-backend/src/middlewares/error.middleware.ts": {"path":"/Users/niteshjain/Desktop/code/personal/jarvis/jarvis-backend/src/middlewares/error.middleware.ts","statementMap":{"0":{"start":{"line":7,"column":0},"end":{"line":7,"column":16}},"1":{"start":{"line":11,"column":0},"end":{"line":11,"column":16}},"2":{"start":{"line":2,"column":0},"end":{"line":2,"column":47}},"3":{"start":{"line":3,"column":0},"end":{"line":3,"column":53}},"4":{"start":{"line":4,"column":0},"end":{"line":4,"column":48}},"5":{"start":{"line":5,"column":0},"end":{"line":5,"column":43}},"6":{"start":{"line":8,"column":2},"end":{"line":8,"column":78}},"7":{"start":{"line":17,"column":2},"end":{"line":25,"column":3}},"8":{"start":{"line":18,"column":4},"end":{"line":23,"column":7}},"9":{"start":{"line":24,"column":4},"end":{"line":24,"column":11}},"10":{"start":{"line":28,"column":2},"end":{"line":28,"column":44}},"11":{"start":{"line":30,"column":2},"end":{"line":35,"column":5}}},"fnMap":{"0":{"name":"notFoundHandler","decl":{"start":{"line":7,"column":16},"end":{"line":7,"column":31}},"loc":{"start":{"line":7,"column":80},"end":{"line":9,"column":1}}},"1":{"name":"globalErrorHandler","decl":{"start":{"line":11,"column":16},"end":{"line":11,"column":34}},"loc":{"start":{"line":15,"column":21},"end":{"line":36,"column":1}}}},"branchMap":{"0":{"loc":{"start":{"line":17,"column":2},"end":{"line":25,"column":3}},"type":"if","locations":[{"start":{"line":17,"column":2},"end":{"line":25,"column":3}},{"start":{},"end":{}}]},"1":{"loc":{"start":{"line":17,"column":6},"end":{"line":17,"column":50}},"type":"binary-expr","locations":[{"start":{"line":17,"column":6},"end":{"line":17,"column":29}},{"start":{"line":17,"column":33},"end":{"line":17,"column":50}}]},"2":{"loc":{"start":{"line":22,"column":10},"end":{"line":22,"column":50}},"type":"cond-expr","locations":[{"start":{"line":22,"column":25},"end":{"line":22,"column":27}},{"start":{"line":22,"column":30},"end":{"line":22,"column":50}}]},"3":{"loc":{"start":{"line":34,"column":8},"end":{"line":34,"column":85}},"type":"cond-expr","locations":[{"start":{"line":34,"column":23},"end":{"line":34,"column":25}},{"start":{"line":34,"column":28},"end":{"line":34,"column":85}}]},"4":{"loc":{"start":{"line":34,"column":37},"end":{"line":34,"column":83}},"type":"cond-expr","locations":[{"start":{"line":34,"column":60},"end":{"line":34,"column":69}},{"start":{"line":34,"column":72},"end":{"line":34,"column":83}}]}},"s":{"0":3,"1":3,"2":3,"3":3,"4":3,"5":3,"6":3,"7":10,"8":5,"9":5,"10":5,"11":5},"f":{"0":3,"1":10},"b":{"0":[5,5],"1":[10,6],"2":[1,4],"3":[1,4],"4":[3,1]}}
,"/Users/niteshjain/Desktop/code/personal/jarvis/jarvis-backend/src/models/conversation.model.ts": {"path":"/Users/niteshjain/Desktop/code/personal/jarvis/jarvis-backend/src/models/conversation.model.ts","statementMap":{"0":{"start":{"line":1,"column":0},"end":{"line":1,"column":44}},"1":{"start":{"line":17,"column":27},"end":{"line":36,"column":null}},"2":{"start":{"line":39,"column":13},"end":{"line":42,"column":2}}},"fnMap":{},"branchMap":{},"s":{"0":1,"1":1,"2":1},"f":{},"b":{}}
,"/Users/niteshjain/Desktop/code/personal/jarvis/jarvis-backend/src/models/location-history.model.ts": {"path":"/Users/niteshjain/Desktop/code/personal/jarvis/jarvis-backend/src/models/location-history.model.ts","statementMap":{"0":{"start":{"line":1,"column":0},"end":{"line":1,"column":44}},"1":{"start":{"line":16,"column":30},"end":{"line":27,"column":null}},"2":{"start":{"line":30,"column":0},"end":{"line":30,"column":58}},"3":{"start":{"line":32,"column":13},"end":{"line":35,"column":2}}},"fnMap":{},"branchMap":{},"s":{"0":2,"1":2,"2":2,"3":2},"f":{},"b":{}}
,"/Users/niteshjain/Desktop/code/personal/jarvis/jarvis-backend/src/models/message.model.ts": {"path":"/Users/niteshjain/Desktop/code/personal/jarvis/jarvis-backend/src/models/message.model.ts","statementMap":{"0":{"start":{"line":1,"column":0},"end":{"line":1,"column":44}},"1":{"start":{"line":27,"column":22},"end":{"line":61,"column":null}},"2":{"start":{"line":64,"column":13},"end":{"line":64,"column":86}}},"fnMap":{},"branchMap":{},"s":{"0":3,"1":3,"2":3},"f":{},"b":{}}
,"/Users/niteshjain/Desktop/code/personal/jarvis/jarvis-backend/src/models/user-preference.model.ts": {"path":"/Users/niteshjain/Desktop/code/personal/jarvis/jarvis-backend/src/models/user-preference.model.ts","statementMap":{"0":{"start":{"line":1,"column":0},"end":{"line":1,"column":44}},"1":{"start":{"line":17,"column":29},"end":{"line":27,"column":null}},"2":{"start":{"line":30,"column":0},"end":{"line":30,"column":55}},"3":{"start":{"line":32,"column":13},"end":{"line":35,"column":2}}},"fnMap":{},"branchMap":{},"s":{"0":1,"1":1,"2":1,"3":1},"f":{},"b":{}}
,"/Users/niteshjain/Desktop/code/personal/jarvis/jarvis-backend/src/models/user.model.ts": {"path":"/Users/niteshjain/Desktop/code/personal/jarvis/jarvis-backend/src/models/user.model.ts","statementMap":{"0":{"start":{"line":1,"column":0},"end":{"line":1,"column":44}},"1":{"start":{"line":18,"column":19},"end":{"line":31,"column":null}},"2":{"start":{"line":34,"column":13},"end":{"line":34,"column":74}}},"fnMap":{},"branchMap":{},"s":{"0":4,"1":4,"2":4},"f":{},"b":{}}
[...]
,"/Users/niteshjain/Desktop/code/personal/jarvis/jarvis-backend/src/utils/api-response.ts": {"path":"/Users/niteshjain/Desktop/code/personal/jarvis/jarvis-backend/src/utils/api-response.ts","statementMap":{"0":{"start":{"line":29,"column":0},"end":{"line":29,"column":16}},"1":{"start":{"line":33,"column":0},"end":{"line":33,"column":16}},"2":{"start":{"line":2,"column":0},"end":{"line":2,"column":48}},"3":{"start":{"line":4,"column":0},"end":{"line":4,"column":null}},"4":{"start":{"line":5,"column":2},"end":{"line":5,"column":null}},"5":{"start":{"line":6,"column":2},"end":{"line":6,"column":null}},"6":{"start":{"line":7,"column":2},"end":{"line":7,"column":null}},"7":{"start":{"line":8,"column":2},"end":{"line":8,"column":null}},"8":{"start":{"line":11,"column":0},"end":{"line":11,"column":null}},"9":{"start":{"line":12,"column":2},"end":{"line":12,"column":null}},"10":{"start":{"line":13,"column":2},"end":{"line":13,"column":null}},"11":{"start":{"line":14,"column":2},"end":{"line":14,"column":null}},"12":{"start":{"line":15,"column":2},"end":{"line":15,"column":null}},"13":{"start":{"line":16,"column":2},"end":{"line":16,"column":null}},"14":{"start":{"line":17,"column":2},"end":{"line":17,"column":null}},"15":{"start":{"line":18,"column":2},"end":{"line":18,"column":null}},"16":{"start":{"line":19,"column":2},"end":{"line":19,"column":null}},"17":{"start":{"line":22,"column":49},"end":{"line":27,"column":2}},"18":{"start":{"line":30,"column":2},"end":{"line":30,"column":54}},"19":{"start":{"line":40,"column":2},"end":{"line":40,"column":59}},"20":{"start":{"line":43,"column":13},"end":{"line":46,"column":2}},"21":{"start":{"line":45,"column":4},"end":{"line":45,"column":81}},"22":{"start":{"line":48,"column":13},"end":{"line":62,"column":2}},"23":{"start":{"line":50,"column":4},"end":{"line":50,"column":54}},"24":{"start":{"line":51,"column":48},"end":{"line":51,"column":96}},"25":{"start":{"line":53,"column":4},"end":{"line":53,"column":90}},"26":{"start":{"line":55,"column":4},"end":{"line":58,"column":null}},"27":{"start":{"line":61,"column":4},"end":{"line":61,"column":97}}},"fnMap":{"0":{"name":"(anonymous_0)","decl":{"start":{"line":4,"column":0},"end":{"line":4,"column":12}},"loc":{"start":{"line":4,"column":24},"end":{"line":9,"column":1}}},"1":{"name":"(anonymous_1)","decl":{"start":{"line":11,"column":0},"end":{"line":11,"column":12}},"loc":{"start":{"line":11,"column":22},"end":{"line":20,"column":1}}},"2":{"name":"defaultCodeFor","decl":{"start":{"line":29,"column":16},"end":{"line":29,"column":30}},"loc":{"start":{"line":29,"column":49},"end":{"line":31,"column":1}}},"3":{"name":"successResponse","decl":{"start":{"line":33,"column":16},"end":{"line":33,"column":31}},"loc":{"start":{"line":38,"column":19},"end":{"line":41,"column":1}}},"4":{"name":"(anonymous_4)","decl":{"start":{"line":44,"column":13},"end":{"line":44,"column":14}},"loc":{"start":{"line":45,"column":4},"end":{"line":45,"column":81}}},"5":{"name":"(anonymous_5)","decl":{"start":{"line":49,"column":15},"end":{"line":49,"column":16}},"loc":{"start":{"line":50,"column":4},"end":{"line":50,"column":54}}},"6":{"name":"(anonymous_6)","decl":{"start":{"line":51,"column":13},"end":{"line":51,"column":14}},"loc":{"start":{"line":51,"column":48},"end":{"line":51,"column":96}}},"7":{"name":"(anonymous_7)","decl":{"start":{"line":52,"column":19},"end":{"line":52,"column":22}},"loc":{"start":{"line":53,"column":4},"end":{"line":53,"column":90}}},"8":{"name":"(anonymous_8)","decl":{"start":{"line":54,"column":22},"end":{"line":54,"column":23}},"loc":{"start":{"line":55,"column":4},"end":{"line":58,"column":null}}},"9":{"name":"(anonymous_9)","decl":{"start":{"line":60,"column":22},"end":{"line":60,"column":25}},"loc":{"start":{"line":61,"column":4},"end":{"line":61,"column":97}}}},"branchMap":{"0":{"loc":{"start":{"line":4,"column":12},"end":{"line":4,"column":null}},"type":"binary-expr","locations":[{"start":{"line":4,"column":12},"end":{"line":4,"column":24}},{"start":{"line":4,"column":24},"end":{"line":4,"column":null}}]},"1":{"loc":{"start":{"line":11,"column":12},"end":{"line":11,"column":null}},"type":"binary-expr","locations":[{"start":{"line":11,"column":12},"end":{"line":11,"column":22}},{"start":{"line":11,"column":22},"end":{"line":11,"column":null}}]},"2":{"loc":{"start":{"line":30,"column":9},"end":{"line":30,"column":53}},"type":"binary-expr","locations":[{"start":{"line":30,"column":9},"end":{"line":30,"column":33}},{"start":{"line":30,"column":37},"end":{"line":30,"column":53}}]},"3":{"loc":{"start":{"line":38,"column":2},"end":{"line":38,"column":19}},"type":"default-arg","locations":[{"start":{"line":38,"column":17},"end":{"line":38,"column":19}}]},"4":{"loc":{"start":{"line":49,"column":16},"end":{"line":49,"column":47}},"type":"default-arg","locations":[{"start":{"line":49,"column":34},"end":{"line":49,"column":47}}]},"5":{"loc":{"start":{"line":51,"column":14},"end":{"line":51,"column":43}},"type":"default-arg","locations":[{"start":{"line":51,"column":32},"end":{"line":51,"column":43}}]}},"s":{"0":14,"1":14,"2":14,"3":14,"4":14,"5":14,"6":14,"7":14,"8":14,"9":14,"10":14,"11":14,"12":14,"13":14,"14":14,"15":14,"16":14,"17":14,"18":16,"19":5,"20":14,"21":3,"22":14,"23":3,"24":5,"25":6,"26":2,"27":2},"f":{"0":14,"1":14,"2":16,"3":5,"4":3,"5":3,"6":5,"7":6,"8":2,"9":2},"b":{"0":[14,14],"1":[14,14],"2":[16,4],"3":[1],"4":[2],"5":[1]}}
,"/Users/niteshjain/Desktop/code/personal/jarvis/jarvis-backend/src/utils/app-error.ts": {"path":"/Users/niteshjain/Desktop/code/personal/jarvis/jarvis-backend/src/utils/app-error.ts","statementMap":{"0":{"start":{"line":1,"column":0},"end":{"line":1,"column":69}},"1":{"start":{"line":11,"column":4},"end":{"line":11,"column":19}},"2":{"start":{"line":12,"column":4},"end":{"line":12,"column":27}},"3":{"start":{"line":13,"column":4},"end":{"line":13,"column":33}},"4":{"start":{"line":14,"column":4},"end":{"line":14,"column":51}},"5":{"start":{"line":15,"column":4},"end":{"line":15,"column":39}},"6":{"start":{"line":17,"column":4},"end":{"line":17,"column":52}},"7":{"start":{"line":3,"column":0},"end":{"line":3,"column":13}}},"fnMap":{"0":{"name":"(anonymous_0)","decl":{"start":{"line":10,"column":2},"end":{"line":10,"column":14}},"loc":{"start":{"line":10,"column":90},"end":{"line":18,"column":3}}}},"branchMap":{"0":{"loc":{"start":{"line":10,"column":70},"end":{"line":10,"column":90}},"type":"default-arg","locations":[{"start":{"line":10,"column":86},"end":{"line":10,"column":90}}]},"1":{"loc":{"start":{"line":14,"column":16},"end":{"line":14,"column":50}},"type":"binary-expr","locations":[{"start":{"line":14,"column":16},"end":{"line":14,"column":20}},{"start":{"line":14,"column":24},"end":{"line":14,"column":50}}]}},"s":{"0":14,"1":30,"2":30,"3":30,"4":30,"5":30,"6":30,"7":14},"f":{"0":30},"b":{"0":[28],"1":[30,11]}}
,"/Users/niteshjain/Desktop/code/personal/jarvis/jarvis-backend/src/utils/haversine.ts": {"path":"/Users/niteshjain/Desktop/code/personal/jarvis/jarvis-backend/src/utils/haversine.ts","statementMap":{"0":{"start":{"line":7,"column":0},"end":{"line":7,"column":16}},"1":{"start":{"line":1,"column":28},"end":{"line":1,"column":37}},"2":{"start":{"line":4,"column":2},"end":{"line":4,"column":35}},"3":{"start":{"line":13,"column":15},"end":{"line":13,"column":37}},"4":{"start":{"line":14,"column":15},"end":{"line":14,"column":37}},"5":{"start":{"line":17,"column":4},"end":{"line":18,"column":83}},"6":{"start":{"line":20,"column":12},"end":{"line":20,"column":58}},"7":{"start":{"line":22,"column":2},"end":{"line":22,"column":33}}},"fnMap":{"0":{"name":"toRadians","decl":{"start":{"line":3,"column":9},"end":{"line":3,"column":18}},"loc":{"start":{"line":3,"column":34},"end":{"line":5,"column":1}}},"1":{"name":"haversineDistanceMeters","decl":{"start":{"line":7,"column":16},"end":{"line":7,"column":39}},"loc":{"start":{"line":11,"column":14},"end":{"line":23,"column":1}}}},"branchMap":{},"s":{"0":2,"1":2,"2":36,"3":9,"4":9,"5":9,"6":9,"7":9},"f":{"0":36,"1":9},"b":{}}
,"/Users/niteshjain/Desktop/code/personal/jarvis/jarvis-backend/src/utils/logger.ts": {"path":"/Users/niteshjain/Desktop/code/personal/jarvis/jarvis-backend/src/utils/logger.ts","statementMap":{"0":{"start":{"line":1,"column":0},"end":{"line":1,"column":28}},"1":{"start":{"line":2,"column":0},"end":{"line":2,"column":52}},"2":{"start":{"line":4,"column":13},"end":{"line":8,"column":3}}},"fnMap":{},"branchMap":{"0":{"loc":{"start":{"line":7,"column":6},"end":{"line":7,"column":66}},"type":"cond-expr","locations":[{"start":{"line":7,"column":21},"end":{"line":7,"column":23}},{"start":{"line":7,"column":26},"end":{"line":7,"column":66}}]}},"s":{"0":15,"1":15,"2":15},"f":{},"b":{"0":[2,13]}}
,"/Users/niteshjain/Desktop/code/personal/jarvis/jarvis-backend/src/utils/message-envelope.ts": {"path":"/Users/niteshjain/Desktop/code/personal/jarvis/jarvis-backend/src/utils/message-envelope.ts","statementMap":{"0":{"start":{"line":12,"column":0},"end":{"line":12,"column":16}},"1":{"start":{"line":28,"column":0},"end":{"line":28,"column":16}},"2":{"start":{"line":36,"column":0},"end":{"line":36,"column":16}},"3":{"start":{"line":44,"column":0},"end":{"line":44,"column":16}},"4":{"start":{"line":52,"column":0},"end":{"line":52,"column":16}},"5":{"start":{"line":3,"column":0},"end":{"line":3,"column":67}},"6":{"start":{"line":13,"column":2},"end":{"line":19,"column":3}},"7":{"start":{"line":14,"column":4},"end":{"line":18,"column":6}},"8":{"start":{"line":21,"column":2},"end":{"line":25,"column":4}},"9":{"start":{"line":29,"column":2},"end":{"line":33,"column":4}},"10":{"start":{"line":37,"column":2},"end":{"line":41,"column":4}},"11":{"start":{"line":45,"column":2},"end":{"line":49,"column":4}},"12":{"start":{"line":58,"column":2},"end":{"line":69,"column":4}}},"fnMap":{"0":{"name":"envelopeFromCreateMessageResult","decl":{"start":{"line":12,"column":16},"end":{"line":12,"column":47}},"loc":{"start":{"line":12,"column":75},"end":{"line":26,"column":1}}},"1":{"name":"envelopeFromAppError","decl":{"start":{"line":28,"column":16},"end":{"line":28,"column":36}},"loc":{"start":{"line":28,"column":50},"end":{"line":34,"column":1}}},"2":{"name":"badRequestEnvelope","decl":{"start":{"line":36,"column":16},"end":{"line":36,"column":34}},"loc":{"start":{"line":36,"column":50},"end":{"line":42,"column":1}}},"3":{"name":"internalServerErrorEnvelope","decl":{"start":{"line":44,"column":16},"end":{"line":44,"column":43}},"loc":{"start":{"line":44,"column":43},"end":{"line":50,"column":1}}},"4":{"name":"actionRequestEnvelope","decl":{"start":{"line":52,"column":16},"end":{"line":52,"column":37}},"loc":{"start":{"line":57,"column":1},"end":{"line":70,"column":1}}}},"branchMap":{"0":{"loc":{"start":{"line":13,"column":2},"end":{"line":19,"column":3}},"type":"if","locations":[{"start":{"line":13,"column":2},"end":{"line":19,"column":3}},{"start":{},"end":{}}]}},"s":{"0":6,"1":6,"2":6,"3":6,"4":6,"5":6,"6":5,"7":2,"8":3,"9":3,"10":3,"11":3,"12":6},"f":{"0":5,"1":3,"2":3,"3":3,"4":6},"b":{"0":[2,3]}}
,"/Users/niteshjain/Desktop/code/personal/jarvis/jarvis-backend/src/websocket/client-task-broker.ts": {"path":"/Users/niteshjain/Desktop/code/personal/jarvis/jarvis-backend/src/websocket/client-task-broker.ts","statementMap":{"0":{"start":{"line":18,"column":0},"end":{"line":18,"column":16}},"1":{"start":{"line":65,"column":0},"end":{"line":65,"column":16}},"2":{"start":{"line":74,"column":0},"end":{"line":74,"column":16}},"3":{"start":{"line":1,"column":0},"end":{"line":1,"column":41}},"4":{"start":{"line":4,"column":0},"end":{"line":4,"column":65}},"5":{"start":{"line":5,"column":0},"end":{"line":5,"column":68}},"6":{"start":{"line":7,"column":13},"end":{"line":7,"column":45}},"7":{"start":{"line":10,"column":24},"end":{"line":10,"column":null}},"8":{"start":{"line":24,"column":20},"end":{"line":24,"column":32}},"9":{"start":{"line":25,"column":29},"end":{"line":25,"column":64}},"10":{"start":{"line":27,"column":2},"end":{"line":62,"column":5}},"11":{"start":{"line":28,"column":22},"end":{"line":37,"column":26}},"12":{"start":{"line":29,"column":6},"end":{"line":29,"column":40}},"13":{"start":{"line":30,"column":6},"end":{"line":36,"column":8}},"14":{"start":{"line":39,"column":4},"end":{"line":50,"column":7}},"15":{"start":{"line":41,"column":8},"end":{"line":41,"column":32}},"16":{"start":{"line":42,"column":8},"end":{"line":42,"column":42}},"17":{"start":{"line":43,"column":8},"end":{"line":43,"column":23}},"18":{"start":{"line":46,"column":8},"end":{"line":46,"column":32}},"19":{"start":{"line":47,"column":8},"end":{"line":47,"column":42}},"20":{"start":{"line":48,"column":8},"end":{"line":48,"column":22}},"21":{"start":{"line":52,"column":4},"end":{"line":61,"column":6}},"22":{"start":{"line":66,"column":18},"end":{"line":66,"column":48}},"23":{"start":{"line":67,"column":2},"end":{"line":69,"column":3}},"24":{"start":{"line":68,"column":4},"end":{"line":68,"column":11}},"25":{"start":{"line":71,"column":2},"end":{"line":71,"column":26}},"26":{"start":{"line":75,"column":18},"end":{"line":75,"column":48}},"27":{"start":{"line":76,"column":2},"end":{"line":78,"column":3}},"28":{"start":{"line":77,"column":4},"end":{"line":77,"column":11}},"29":{"start":{"line":80,"column":2},"end":{"line":80,"column":71}}},"fnMap":{"0":{"name":"requestFromClient","decl":{"start":{"line":18,"column":16},"end":{"line":18,"column":33}},"loc":{"start":{"line":22,"column":20},"end":{"line":63,"column":1}}},"1":{"name":"(anonymous_1)","decl":{"start":{"line":27,"column":21},"end":{"line":27,"column":22}},"loc":{"start":{"line":27,"column":41},"end":{"line":62,"column":3}}},"2":{"name":"(anonymous_2)","decl":{"start":{"line":28,"column":33},"end":{"line":28,"column":36}},"loc":{"start":{"line":28,"column":38},"end":{"line":37,"column":5}}},"3":{"name":"(anonymous_3)","decl":{"start":{"line":40,"column":15},"end":{"line":40,"column":16}},"loc":{"start":{"line":40,"column":25},"end":{"line":44,"column":7}}},"4":{"name":"(anonymous_4)","decl":{"start":{"line":45,"column":14},"end":{"line":45,"column":15}},"loc":{"start":{"line":45,"column":24},"end":{"line":49,"column":7}}},"5":{"name":"resolveClientTask","decl":{"start":{"line":65,"column":16},"end":{"line":65,"column":33}},"loc":{"start":{"line":65,"column":68},"end":{"line":72,"column":1}}},"6":{"name":"rejectClientTask","decl":{"start":{"line":74,"column":16},"end":{"line":74,"column":32}},"loc":{"start":{"line":74,"column":65},"end":{"line":81,"column":1}}}},"branchMap":{"0":{"loc":{"start":{"line":25,"column":29},"end":{"line":25,"column":64}},"type":"binary-expr","locations":[{"start":{"line":25,"column":29},"end":{"line":25,"column":38}},{"start":{"line":25,"column":42},"end":{"line":25,"column":64}}]},"1":{"loc":{"start":{"line":67,"column":2},"end":{"line":69,"column":3}},"type":"if","locations":[{"start":{"line":67,"column":2},"end":{"line":69,"column":3}},{"start":{},"end":{}}]},"2":{"loc":{"start":{"line":76,"column":2},"end":{"line":78,"column":3}},"type":"if","locations":[{"start":{"line":76,"column":2},"end":{"line":78,"column":3}},{"start":{},"end":{}}]}},"s":{"0":4,"1":4,"2":4,"3":4,"4":4,"5":4,"6":4,"7":4,"8":6,"9":6,"10":6,"11":6,"12":2,"13":2,"14":6,"15":2,"16":2,"17":2,"18":1,"19":1,"20":1,"21":6,"22":6,"23":6,"24":4,"25":2,"26":3,"27":3,"28":2,"29":1},"f":{"0":6,"1":6,"2":2,"3":2,"4":1,"5":6,"6":3},"b":{"0":[6,4],"1":[4,2],"2":[2,1]}}
,"/Users/niteshjain/Desktop/code/personal/jarvis/jarvis-backend/src/websocket/messages.gateway.ts": {"path":"/Users/niteshjain/Desktop/code/personal/jarvis/jarvis-backend/src/websocket/messages.gateway.ts","statementMap":{"0":{"start":{"line":17,"column":0},"end":{"line":17,"column":7}},"1":{"start":{"line":42,"column":0},"end":{"line":42,"column":16}},"2":{"start":{"line":3,"column":0},"end":{"line":3,"column":37}},"3":{"start":{"line":5,"column":0},"end":{"line":5,"column":77}},"4":{"start":{"line":6,"column":0},"end":{"line":6,"column":null}},"5":{"start":{"line":10,"column":0},"end":{"line":10,"column":87}},"6":{"start":{"line":11,"column":0},"end":{"line":11,"column":43}},"7":{"start":{"line":14,"column":2},"end":{"line":14,"column":36}},"8":{"start":{"line":20,"column":2},"end":{"line":25,"column":3}},"9":{"start":{"line":21,"column":4},"end":{"line":21,"column":40}},"10":{"start":{"line":23,"column":4},"end":{"line":23,"column":63}},"11":{"start":{"line":24,"column":4},"end":{"line":24,"column":11}},"12":{"start":{"line":27,"column":20},"end":{"line":27,"column":59}},"13":{"start":{"line":28,"column":2},"end":{"line":31,"column":3}},"14":{"start":{"line":29,"column":4},"end":{"line":29,"column":96}},"15":{"start":{"line":30,"column":4},"end":{"line":30,"column":11}},"16":{"start":{"line":33,"column":21},"end":{"line":33,"column":67}},"17":{"start":{"line":34,"column":2},"end":{"line":37,"column":3}},"18":{"start":{"line":35,"column":4},"end":{"line":35,"column":65}},"19":{"start":{"line":36,"column":4},"end":{"line":36,"column":11}},"20":{"start":{"line":39,"column":2},"end":{"line":39,"column":53}},"21":{"start":{"line":43,"column":14},"end":{"line":43,"column":45}},"22":{"start":{"line":45,"column":2},"end":{"line":59,"column":5}},"23":{"start":{"line":46,"column":4},"end":{"line":46,"column":47}},"24":{"start":{"line":48,"column":4},"end":{"line":50,"column":7}},"25":{"start":{"line":49,"column":6},"end":{"line":49,"column":37}},"26":{"start":{"line":52,"column":4},"end":{"line":54,"column":7}},"27":{"start":{"line":53,"column":6},"end":{"line":53,"column":52}},"28":{"start":{"line":56,"column":4},"end":{"line":58,"column":7}},"29":{"start":{"line":57,"column":6},"end":{"line":57,"column":47}},"30":{"start":{"line":61,"column":2},"end":{"line":61,"column":13}}},"fnMap":{"0":{"name":"sendEnvelope","decl":{"start":{"line":13,"column":9},"end":{"line":13,"column":21}},"loc":{"start":{"line":13,"column":62},"end":{"line":15,"column":1}}},"1":{"name":"handleRawMessage","decl":{"start":{"line":17,"column":22},"end":{"line":17,"column":38}},"loc":{"start":{"line":17,"column":66},"end":{"line":40,"column":1}}},"2":{"name":"attachMessageWebSocket","decl":{"start":{"line":42,"column":16},"end":{"line":42,"column":38}},"loc":{"start":{"line":42,"column":57},"end":{"line":62,"column":1}}},"3":{"name":"(anonymous_3)","decl":{"start":{"line":45,"column":23},"end":{"line":45,"column":24}},"loc":{"start":{"line":45,"column":30},"end":{"line":59,"column":3}}},"4":{"name":"(anonymous_4)","decl":{"start":{"line":48,"column":21},"end":{"line":48,"column":22}},"loc":{"start":{"line":48,"column":29},"end":{"line":50,"column":5}}},"5":{"name":"(anonymous_5)","decl":{"start":{"line":52,"column":19},"end":{"line":52,"column":22}},"loc":{"start":{"line":52,"column":24},"end":{"line":54,"column":5}}},"6":{"name":"(anonymous_6)","decl":{"start":{"line":56,"column":19},"end":{"line":56,"column":20}},"loc":{"start":{"line":56,"column":27},"end":{"line":58,"column":5}}}},"branchMap":{"0":{"loc":{"start":{"line":28,"column":2},"end":{"line":31,"column":3}},"type":"if","locations":[{"start":{"line":28,"column":2},"end":{"line":31,"column":3}},{"start":{},"end":{}}]},"1":{"loc":{"start":{"line":34,"column":2},"end":{"line":37,"column":3}},"type":"if","locations":[{"start":{"line":34,"column":2},"end":{"line":37,"column":3}},{"start":{},"end":{}}]}},"s":{"0":1,"1":1,"2":1,"3":1,"4":1,"5":1,"6":1,"7":3,"8":11,"9":11,"10":1,"11":1,"12":10,"13":10,"14":2,"15":2,"16":8,"17":8,"18":0,"19":0,"20":8,"21":2,"22":2,"23":1,"24":1,"25":1,"26":1,"27":1,"28":1,"29":1,"30":2},"f":{"0":3,"1":11,"2":2,"3":1,"4":1,"5":1,"6":1},"b":{"0":[2,8],"1":[0,8]}}
}
