TN:
SF:src/app.ts
FN:8,createApp
FN:23,createHttpServer
FNF:2
FNH:1
FNDA:1,createApp
FNDA:0,createHttpServer
DA:1,1
DA:2,1
DA:3,1
DA:4,1
DA:5,1
DA:6,1
DA:8,1
DA:9,1
DA:11,1
DA:12,1
DA:13,1
DA:15,1
DA:17,1
DA:18,1
DA:20,1
DA:23,1
DA:24,0
LF:17
LH:16
BRF:0
BRH:0
end_of_record
TN:
SF:src/agent/agent-runner.ts
FN:31,buildAgentSystemPrompt
FN:51,buildAgentMessages
FN:52,(anonymous_2)
FN:63,extractTextContent
FN:69,(anonymous_4)
FN:74,resolveAgentRunResult
FN:90,runAgent
FN:118,(anonymous_7)
FNF:8
FNH:8
FNDA:16,buildAgentSystemPrompt
FNDA:11,buildAgentMessages
FNDA:2,(anonymous_2)
FNDA:14,extractTextContent
FNDA:1,(anonymous_4)
FNDA:15,resolveAgentRunResult
FNDA:10,runAgent
FNDA:40,(anonymous_7)
DA:1,1
DA:2,1
DA:3,1
DA:6,1
DA:8,1
DA:10,1
DA:11,1
DA:12,1
DA:18,1
DA:20,1
DA:25,1
DA:31,1
DA:32,16
DA:33,16
DA:39,16
DA:40,3
DA:43,16
DA:44,16
DA:45,2
DA:48,16
DA:51,1
DA:52,11
DA:53,2
DA:54,1
DA:57,1
DA:60,11
DA:64,14
DA:65,13
DA:68,1
DA:69,1
DA:74,1
DA:75,15
DA:77,15
DA:78,1
DA:81,14
DA:83,14
DA:84,2
DA:87,12
DA:90,1
DA:100,10
DA:101,10
DA:102,10
DA:104,1
DA:105,1
DA:108,10
DA:110,10
DA:116,10
DA:118,40
DA:122,10
DA:124,10
DA:125,10
DA:126,9
DA:128,1
LF:53
LH:53
BRDA:39,0,0,3
BRDA:39,0,1,13
BRDA:44,1,0,2
BRDA:44,1,1,14
BRDA:53,2,0,1
BRDA:53,2,1,1
BRDA:64,3,0,13
BRDA:64,3,1,1
BRDA:69,4,0,0
BRDA:69,4,1,1
BRDA:69,5,0,1
BRDA:69,5,1,0
BRDA:77,6,0,1
BRDA:77,6,1,14
BRDA:77,7,0,15
BRDA:77,7,1,14
BRDA:83,8,0,2
BRDA:83,8,1,12
BRF:18
BRH:16
end_of_record
TN:
SF:src/agent/tools/index.ts
FN:2,(anonymous_0)
FN:3,(anonymous_1)
FN:4,(anonymous_2)
FN:5,(anonymous_3)
FN:6,(anonymous_4)
FN:8,(anonymous_5)
FN:9,(anonymous_6)
FN:9,(anonymous_7)
FNF:8
FNH:4
FNDA:3,(anonymous_0)
FNDA:2,(anonymous_1)
FNDA:13,(anonymous_2)
FNDA:6,(anonymous_3)
FNDA:0,(anonymous_4)
FNDA:0,(anonymous_5)
FNDA:0,(anonymous_6)
FNDA:0,(anonymous_7)
DA:1,2
DA:2,5
DA:3,4
DA:4,15
DA:5,8
DA:6,2
DA:8,2
DA:9,2
LF:8
LH:8
BRF:0
BRH:0
end_of_record
TN:
SF:src/agent/tools/off-lights.tool.ts
FN:18,buildOffLightsTool
FN:23,(anonymous_1)
FN:24,(anonymous_2)
FNF:3
FNH:3
FNDA:20,buildOffLightsTool
FNDA:3,(anonymous_1)
FNDA:3,(anonymous_2)
DA:1,3
DA:3,3
DA:5,3
DA:7,3
DA:10,3
DA:18,3
DA:22,20
DA:24,3
DA:25,3
DA:32,3
DA:42,2
DA:55,20
LF:12
LH:12
BRDA:32,0,0,1
BRDA:32,0,1,2
BRF:2
BRH:2
end_of_record
TN:
SF:src/agent/tools/open-camera.tool.ts
FN:25,buildOpenCameraTool
FN:30,(anonymous_1)
FN:31,(anonymous_2)
FNF:3
FNH:3
FNDA:22,buildOpenCameraTool
FNDA:3,(anonymous_1)
FNDA:3,(anonymous_2)
DA:1,3
DA:3,3
DA:5,3
DA:7,3
DA:10,3
DA:25,3
DA:29,22
DA:31,3
DA:32,3
DA:39,3
DA:49,2
DA:62,22
LF:12
LH:12
BRDA:39,0,0,1
BRDA:39,0,1,2
BRF:2
BRH:2
end_of_record
TN:
SF:src/agent/tools/play-music.tool.ts
FN:2,(anonymous_0)
FN:3,(anonymous_1)
FN:4,(anonymous_2)
FN:5,(anonymous_3)
FN:6,(anonymous_4)
FNF:5
FNH:4
FNDA:10,(anonymous_0)
FNDA:2,(anonymous_1)
FNDA:5,(anonymous_2)
FNDA:17,(anonymous_3)
FNDA:0,(anonymous_4)
DA:1,3
DA:2,13
DA:3,5
DA:4,8
DA:5,20
DA:6,3
LF:6
LH:6
BRF:0
BRH:0
end_of_record
TN:
SF:src/agent/tools/registry.ts
FN:57,assertUniqueToolDefinitions
FN:76,assertUniqueToolMetadata
FN:95,buildToolsForConnection
FN:99,(anonymous_3)
FN:100,(anonymous_4)
FN:104,getToolByCommandName
FN:105,(anonymous_6)
FN:108,getToolMetadataByToolName
FN:109,(anonymous_8)
FNF:9
FNH:7
FNDA:2,assertUniqueToolDefinitions
FNDA:4,assertUniqueToolMetadata
FNDA:14,buildToolsForConnection
FNDA:42,(anonymous_3)
FNDA:14,(anonymous_4)
FNDA:6,getToolByCommandName
FNDA:15,(anonymous_6)
FNDA:0,getToolMetadataByToolName
FNDA:0,(anonymous_8)
DA:14,2
DA:15,2
DA:16,2
DA:17,2
DA:26,2
DA:49,2
DA:55,2
DA:57,2
DA:58,2
DA:59,2
DA:61,2
DA:62,4
DA:64,4
DA:65,1
DA:67,3
DA:69,3
DA:70,1
DA:72,2
DA:76,2
DA:77,4
DA:78,4
DA:80,4
DA:81,12
DA:82,1
DA:84,11
DA:86,11
DA:87,1
DA:89,10
DA:93,2
DA:95,2
DA:99,42
DA:100,14
DA:101,14
DA:104,2
DA:105,15
DA:108,2
DA:109,0
LF:37
LH:36
BRDA:64,0,0,1
BRDA:64,0,1,3
BRDA:69,1,0,1
BRDA:69,1,1,2
BRDA:81,2,0,1
BRDA:81,2,1,11
BRDA:86,3,0,1
BRDA:86,3,1,10
BRF:8
BRH:8
end_of_record
TN:
SF:src/agent/tools/tool-persistence.ts
FN:13,insertPendingToolAction
FN:41,normalizeActionResult
FN:49,completePendingToolAction
FN:60,failPendingToolAction
FN:71,withToolPersistence
FNF:5
FNH:5
FNDA:16,insertPendingToolAction
FNDA:11,normalizeActionResult
FNDA:11,completePendingToolAction
FNDA:5,failPendingToolAction
FNDA:16,withToolPersistence
DA:1,7
DA:3,7
DA:4,7
DA:5,7
DA:20,16
DA:21,16
DA:22,16
DA:37,6
DA:42,11
DA:43,8
DA:46,3
DA:50,11
DA:51,11
DA:56,4
DA:61,5
DA:62,5
DA:67,1
DA:71,7
DA:78,16
DA:79,16
DA:80,16
DA:81,16
DA:82,11
DA:83,11
DA:85,5
DA:90,5
DA:91,5
LF:27
LH:27
BRDA:42,0,0,8
BRDA:42,0,1,3
BRDA:42,1,0,11
BRDA:42,1,1,11
BRDA:42,1,2,9
BRDA:85,2,0,3
BRDA:85,2,1,2
BRDA:87,3,0,2
BRDA:87,3,1,0
BRF:9
BRH:8
end_of_record
TN:
SF:src/agent/tools/web-search.tool.ts
FN:26,formatTavilyResponse
FN:27,(anonymous_1)
FN:36,buildWebSearchTool
FN:40,(anonymous_3)
FN:41,(anonymous_4)
FNF:5
FNH:5
FNDA:5,formatTavilyResponse
FNDA:5,(anonymous_1)
FNDA:23,buildWebSearchTool
FNDA:7,(anonymous_3)
FNDA:7,(anonymous_4)
DA:1,3
DA:2,3
DA:4,3
DA:6,3
DA:7,3
DA:9,3
DA:12,3
DA:27,5
DA:29,5
DA:30,3
DA:33,2
DA:36,3
DA:37,23
DA:39,23
DA:41,7
DA:42,7
DA:43,7
DA:48,5
DA:50,2
DA:51,2
DA:55,7
DA:78,23
LF:22
LH:22
BRDA:29,0,0,3
BRDA:29,0,1,2
BRDA:50,1,0,2
BRDA:50,1,1,0
BRDA:55,2,0,2
BRDA:55,2,1,5
BRF:6
BRH:5
end_of_record
TN:
SF:src/agent/tools/play-music/amazon-music.platform.ts
FN:4,(anonymous_0)
FNF:1
FNH:0
FNDA:0,(anonymous_0)
DA:2,4
DA:4,4
DA:5,0
LF:3
LH:2
BRF:0
BRH:0
end_of_record
TN:
SF:src/agent/tools/play-music/apple-music.platform.ts
FN:4,(anonymous_0)
FNF:1
FNH:1
FNDA:1,(anonymous_0)
DA:2,4
DA:4,4
DA:5,1
LF:3
LH:3
BRF:0
BRH:0
end_of_record
TN:
SF:src/agent/tools/play-music/index.ts
FN:13,(anonymous_0)
FN:13,(anonymous_1)
FN:14,(anonymous_2)
FN:25,buildPlayMusicTool
FN:30,(anonymous_4)
FN:40,(anonymous_5)
FN:62,(anonymous_6)
FNF:7
FNH:6
FNDA:2,(anonymous_0)
FNDA:5,(anonymous_1)
FNDA:0,(anonymous_2)
FNDA:22,buildPlayMusicTool
FNDA:7,(anonymous_4)
FNDA:6,(anonymous_5)
FNDA:2,(anonymous_6)
DA:1,3
DA:3,3
DA:5,3
DA:6,3
DA:8,3
DA:10,3
DA:11,3
DA:13,8
DA:14,3
DA:17,3
DA:25,3
DA:29,22
DA:31,7
DA:32,7
DA:33,6
DA:40,6
DA:41,6
DA:49,6
DA:50,6
DA:60,3
DA:62,2
DA:70,5
DA:107,22
LF:23
LH:23
BRDA:50,0,0,2
BRDA:50,0,1,4
BRF:2
BRH:2
end_of_record
TN:
SF:src/agent/tools/play-music/platform.ts
FN:13,normalizePlatform
FNF:1
FNH:1
FNDA:18,normalizePlatform
DA:1,5
DA:3,5
DA:13,5
DA:14,18
DA:15,18
LF:5
LH:5
BRDA:15,0,0,18
BRDA:15,0,1,2
BRF:2
BRH:2
end_of_record
TN:
SF:src/agent/tools/play-music/resolver.ts
FN:19,resolvePlayMusicUrl
FNF:1
FNH:1
FNDA:6,resolvePlayMusicUrl
DA:1,4
DA:3,4
DA:4,4
DA:5,4
DA:6,4
DA:7,4
DA:9,4
DA:11,4
DA:19,4
DA:20,6
DA:21,6
DA:23,6
DA:24,1
DA:29,5
LF:14
LH:14
BRDA:23,0,0,1
BRDA:23,0,1,5
BRF:2
BRH:2
end_of_record
TN:
SF:src/agent/tools/play-music/soundcloud.platform.ts
FN:4,(anonymous_0)
FNF:1
FNH:0
FNDA:0,(anonymous_0)
DA:2,4
DA:4,4
DA:5,0
LF:3
LH:2
BRF:0
BRH:0
end_of_record
TN:
SF:src/agent/tools/play-music/spotify.platform.ts
FN:8,getSpotifyAccessToken
FN:43,(anonymous_1)
FN:71,resetSpotifyTokenCacheForTests
FNF:3
FNH:3
FNDA:6,getSpotifyAccessToken
FNDA:6,(anonymous_1)
FNDA:5,resetSpotifyTokenCacheForTests
DA:1,6
DA:2,6
DA:6,6
DA:9,6
DA:10,6
DA:12,6
DA:13,1
DA:16,5
DA:17,1
DA:20,4
DA:21,4
DA:30,4
DA:31,0
DA:34,4
DA:35,4
DA:40,4
DA:43,6
DA:44,6
DA:45,5
DA:46,5
DA:50,5
DA:51,0
DA:54,5
DA:57,5
DA:59,5
DA:60,1
DA:63,4
DA:71,6
DA:72,5
LF:29
LH:27
BRDA:12,0,0,1
BRDA:12,0,1,5
BRDA:12,1,0,6
BRDA:12,1,1,5
BRDA:16,2,0,1
BRDA:16,2,1,4
BRDA:16,3,0,5
BRDA:16,3,1,1
BRDA:30,4,0,0
BRDA:30,4,1,4
BRDA:50,5,0,0
BRDA:50,5,1,5
BRDA:59,6,0,1
BRDA:59,6,1,4
BRF:14
BRH:12
end_of_record
TN:
SF:src/agent/tools/play-music/unsupported-platform.ts
FN:5,throwUnsupportedPlatformError
FNF:1
FNH:1
FNDA:1,throwUnsupportedPlatformError
DA:1,4
DA:3,4
DA:5,4
DA:6,1
LF:4
LH:4
BRF:0
BRH:0
end_of_record
TN:
SF:src/agent/tools/play-music/youtube.platform.ts
FN:6,(anonymous_0)
FNF:1
FNH:1
FNDA:6,(anonymous_0)
DA:1,6
DA:2,6
DA:6,6
DA:7,6
DA:8,6
DA:9,2
DA:12,4
DA:21,4
DA:22,4
DA:23,0
DA:26,4
DA:29,4
DA:30,4
DA:32,4
DA:33,1
DA:36,3
LF:16
LH:15
BRDA:8,0,0,2
BRDA:8,0,1,4
BRDA:22,1,0,0
BRDA:22,1,1,4
BRDA:32,2,0,1
BRDA:32,2,1,3
BRF:6
BRH:5
end_of_record
TN:
SF:src/config/agenda.ts
FN:10,buildMongoAddress
FN:25,getAgenda
FN:29,startAgenda
FN:54,stopAgenda
FNF:4
FNH:4
FNDA:5,buildMongoAddress
FNDA:3,getAgenda
FNDA:5,startAgenda
FNDA:8,stopAgenda
DA:1,1
DA:2,1
DA:3,1
DA:4,1
DA:5,1
DA:6,1
DA:8,1
DA:10,1
DA:14,5
DA:15,5
DA:17,5
DA:18,1
DA:21,4
DA:22,4
DA:25,1
DA:26,3
DA:29,1
DA:30,5
DA:31,1
DA:34,4
DA:35,1
DA:38,3
DA:46,3
DA:47,3
DA:48,3
DA:49,3
DA:51,3
DA:54,1
DA:55,8
DA:56,5
DA:59,3
DA:60,3
DA:61,3
LF:33
LH:33
BRDA:11,0,0,3
BRDA:12,1,0,4
BRDA:14,2,0,5
BRDA:14,2,1,0
BRDA:17,3,0,1
BRDA:17,3,1,4
BRDA:17,4,0,5
BRDA:17,4,1,1
BRDA:21,5,0,0
BRDA:21,5,1,4
BRDA:30,6,0,1
BRDA:30,6,1,4
BRDA:34,7,0,1
BRDA:34,7,1,3
BRDA:55,8,0,5
BRDA:55,8,1,3
BRF:16
BRH:14
end_of_record
TN:
SF:src/config/command-catalog.ts
FN:39,(anonymous_0)
FN:42,getCommandCatalogEntry
FN:43,(anonymous_2)
FNF:3
FNH:3
FNDA:3,(anonymous_0)
FNDA:2,getCommandCatalogEntry
FNDA:4,(anonymous_2)
DA:10,1
DA:38,1
DA:39,3
DA:42,1
DA:43,4
LF:5
LH:5
BRF:0
BRH:0
end_of_record
TN:
SF:src/config/env.ts
FNF:0
FNH:0
DA:1,28
DA:2,28
DA:4,28
DA:21,28
DA:23,28
DA:26,2
DA:27,2
DA:28,2
DA:30,2
DA:33,26
DA:35,26
LF:11
LH:11
BRDA:23,0,0,2
BRDA:23,0,1,26
BRF:2
BRH:2
end_of_record
TN:
SF:src/config/mongodb.ts
FN:5,connectMongo
FN:17,disconnectMongo
FNF:2
FNH:2
FNDA:10,connectMongo
FNDA:17,disconnectMongo
DA:1,8
DA:2,8
DA:3,8
DA:5,8
DA:9,10
DA:10,1
DA:13,9
DA:14,9
DA:17,8
DA:18,17
DA:19,8
DA:22,9
DA:23,9
LF:13
LH:13
BRDA:6,0,0,1
BRDA:7,1,0,1
BRDA:9,2,0,1
BRDA:9,2,1,9
BRDA:18,3,0,8
BRDA:18,3,1,9
BRF:6
BRH:6
end_of_record
TN:
SF:src/config/qdrant.ts
FN:10,getQdrantClient
FN:17,ensureCollection
FNF:2
FNH:2
FNDA:4,getQdrantClient
FNDA:2,ensureCollection
DA:1,3
DA:2,3
DA:3,3
DA:5,3
DA:6,3
DA:10,3
DA:11,4
DA:12,3
DA:14,4
DA:17,3
DA:18,2
DA:19,2
DA:20,2
DA:21,1
DA:22,1
DA:24,1
DA:27,1
LF:17
LH:17
BRDA:11,0,0,3
BRDA:11,0,1,1
BRDA:20,1,0,1
BRDA:20,1,1,1
BRF:4
BRH:4
end_of_record
TN:
SF:src/controllers/health.controller.ts
FN:4,getHealth
FNF:1
FNH:1
FNDA:2,getHealth
DA:2,1
DA:4,1
DA:5,2
LF:3
LH:3
BRF:0
BRH:0
end_of_record
TN:
SF:src/controllers/websocket/action-ack.controller.ts
FN:4,handleActionAck
FNF:1
FNH:1
FNDA:4,handleActionAck
DA:2,2
DA:4,2
DA:5,4
DA:6,0
DA:9,4
DA:11,4
DA:12,2
DA:13,2
DA:16,2
LF:9
LH:8
BRDA:5,0,0,0
BRDA:5,0,1,4
BRDA:11,1,0,2
BRDA:11,1,1,2
BRDA:18,2,0,2
BRDA:18,2,1,0
BRF:6
BRH:4
end_of_record
TN:
SF:src/controllers/websocket/index.ts
FNF:0
FNH:0
DA:1,1
DA:2,1
DA:3,1
DA:7,1
LF:4
LH:4
BRF:0
BRH:0
end_of_record
TN:
SF:src/controllers/websocket/location-update.controller.ts
FN:13,sendEnvelope
FN:17,handleLocationUpdate
FNF:2
FNH:2
FNDA:2,sendEnvelope
FNDA:4,handleLocationUpdate
DA:4,2
DA:5,2
DA:6,2
DA:11,2
DA:14,2
DA:17,2
DA:18,4
DA:19,0
DA:22,4
DA:23,4
DA:25,2
DA:26,1
DA:27,1
DA:30,1
DA:31,1
LF:15
LH:14
BRDA:18,0,0,0
BRDA:18,0,1,4
BRDA:25,1,0,1
BRDA:25,1,1,1
BRDA:25,2,0,2
BRDA:25,2,1,1
BRF:6
BRH:5
end_of_record
TN:
SF:src/controllers/websocket/user-prompt.controller.ts
FN:14,sendEnvelope
FN:18,handleUserPrompt
FNF:2
FNH:2
FNDA:9,sendEnvelope
FNDA:9,handleUserPrompt
DA:4,2
DA:5,2
DA:6,2
DA:12,2
DA:15,9
DA:18,2
DA:19,9
DA:20,0
DA:23,9
DA:24,9
DA:26,9
DA:27,9
DA:28,5
DA:30,4
DA:31,2
DA:32,2
DA:35,2
DA:36,2
LF:18
LH:17
BRDA:19,0,0,0
BRDA:19,0,1,9
BRDA:30,1,0,2
BRDA:30,1,1,2
BRDA:30,2,0,4
BRDA:30,2,1,2
BRF:6
BRH:5
end_of_record
TN:
SF:src/errors/handle-error.ts
FN:11,handleJarvisError
FNF:1
FNH:1
FNDA:7,handleJarvisError
DA:1,18
DA:2,18
DA:11,18
DA:12,7
DA:13,1
DA:16,6
DA:17,3
DA:20,3
LF:8
LH:8
BRDA:12,0,0,1
BRDA:12,0,1,6
BRDA:16,1,0,3
BRDA:16,1,1,3
BRDA:16,2,0,6
BRDA:16,2,1,3
BRF:6
BRH:6
end_of_record
TN:
SF:src/errors/index.ts
FN:1,(anonymous_0)
FN:3,(anonymous_1)
FN:3,(anonymous_2)
FN:4,(anonymous_3)
FN:5,(anonymous_4)
FN:5,(anonymous_5)
FN:5,(anonymous_6)
FNF:7
FNH:7
FNDA:8,(anonymous_0)
FNDA:6,(anonymous_1)
FNDA:13,(anonymous_2)
FNDA:23,(anonymous_3)
FNDA:2,(anonymous_4)
FNDA:2,(anonymous_5)
FNDA:11,(anonymous_6)
DA:1,26
DA:3,31
DA:4,41
DA:5,29
LF:4
LH:4
BRF:0
BRH:0
end_of_record
TN:
SF:src/errors/jarvis-error.ts
FN:7,(anonymous_0)
FN:17,isJarvisError
FNF:2
FNH:2
FNDA:25,(anonymous_0)
FNDA:12,isJarvisError
DA:3,18
DA:8,25
DA:9,25
DA:10,25
DA:11,25
DA:13,25
DA:17,18
DA:18,12
LF:8
LH:8
BRF:0
BRH:0
end_of_record
TN:
SF:src/errors/throw-error.ts
FN:4,throwClientTimeout
FN:8,throwClientError
FN:12,throwServerError
FNF:3
FNH:3
FNDA:1,throwClientTimeout
FNDA:1,throwClientError
FNDA:10,throwServerError
DA:1,18
DA:2,18
DA:4,18
DA:5,1
DA:8,18
DA:9,1
DA:12,18
DA:13,10
LF:8
LH:8
BRF:0
BRH:0
end_of_record
TN:
SF:src/errors/types.ts
FN:1,(anonymous_0)
FNF:1
FNH:1
FNDA:18,(anonymous_0)
DA:1,18
DA:2,18
DA:3,18
DA:4,18
LF:4
LH:4
BRDA:1,0,0,18
BRDA:1,0,1,18
BRF:2
BRH:2
end_of_record
TN:
SF:src/middlewares/error.middleware.ts
FN:7,notFoundHandler
FN:11,globalErrorHandler
FNF:2
FNH:2
FNDA:3,notFoundHandler
FNDA:10,globalErrorHandler
DA:2,3
DA:3,3
DA:4,3
DA:5,3
DA:7,3
DA:8,3
DA:11,3
DA:17,10
DA:18,5
DA:24,5
DA:28,5
DA:30,5
LF:12
LH:12
BRDA:17,0,0,5
BRDA:17,0,1,5
BRDA:17,1,0,10
BRDA:17,1,1,6
BRDA:22,2,0,1
BRDA:22,2,1,4
BRDA:34,3,0,1
BRDA:34,3,1,4
BRDA:34,4,0,3
BRDA:34,4,1,1
BRF:10
BRH:10
end_of_record
TN:
SF:src/models/conversation.model.ts
FNF:0
FNH:0
DA:1,1
DA:17,1
DA:39,1
LF:3
LH:3
BRF:0
BRH:0
end_of_record
TN:
SF:src/models/location-history.model.ts
FNF:0
FNH:0
DA:1,2
DA:16,2
DA:30,2
DA:32,2
LF:4
LH:4
BRF:0
BRH:0
end_of_record
TN:
SF:src/models/message.model.ts
FNF:0
FNH:0
DA:1,3
DA:27,3
DA:64,3
LF:3
LH:3
BRF:0
BRH:0
end_of_record
TN:
SF:src/models/user-preference.model.ts
FNF:0
FNH:0
DA:1,1
DA:17,1
DA:30,1
DA:32,1
LF:4
LH:4
BRF:0
BRH:0
end_of_record
TN:
SF:src/models/user.model.ts
FNF:0
FNH:0
DA:1,4
DA:18,4
DA:34,4
LF:3
LH:3
BRF:0
BRH:0
end_of_record
TN:
SF:src/repositories/conversation.repository.ts
FN:10,insertConversation
FN:15,findConversationById
FN:19,findActiveConversation
FN:27,updateConversation
FNF:4
FNH:4
FNDA:6,insertConversation
FNDA:3,findConversationById
FNDA:2,findActiveConversation
FNDA:1,updateConversation
DA:1,1
DA:10,1
DA:11,6
DA:12,6
DA:15,1
DA:16,3
DA:19,1
DA:22,2
DA:27,1
DA:31,1
LF:10
LH:10
BRDA:20,0,0,1
BRF:1
BRH:1
end_of_record
TN:
SF:src/repositories/location-history.repository.ts
FN:8,insertLocationHistory
FN:15,findLocationHistoryById
FN:21,findLocationHistoryByUserId
FN:31,deleteLocationHistory
FNF:4
FNH:4
FNDA:11,insertLocationHistory
FNDA:2,findLocationHistoryById
FNDA:2,findLocationHistoryByUserId
FNDA:1,deleteLocationHistory
DA:1,2
DA:8,2
DA:11,11
DA:12,11
DA:15,2
DA:18,2
DA:21,2
DA:25,2
DA:31,2
DA:32,1
LF:10
LH:10
BRDA:23,0,0,1
BRF:1
BRH:1
end_of_record
TN:
SF:src/repositories/message.repository.ts
FN:5,insertMessage
FN:10,findMessageById
FN:14,findLatestActionMessageByParentId
FN:22,findMessagesByConversationId
FN:32,findRecentMessagesByConversationId
FN:50,updateMessage
FNF:6
FNH:5
FNDA:20,insertMessage
FNDA:3,findMessageById
FNDA:0,findLatestActionMessageByParentId
FNDA:1,findMessagesByConversationId
FNDA:3,findRecentMessagesByConversationId
FNDA:1,updateMessage
DA:1,3
DA:5,3
DA:6,20
DA:7,20
DA:10,3
DA:11,3
DA:14,3
DA:17,0
DA:22,3
DA:26,1
DA:32,3
DA:37,3
DA:38,3
DA:39,2
DA:42,3
DA:47,3
DA:50,3
DA:67,1
LF:18
LH:17
BRDA:24,0,0,1
BRDA:34,1,0,0
BRDA:38,2,0,2
BRDA:38,2,1,1
BRF:4
BRH:3
end_of_record
TN:
SF:src/repositories/user-preference.repository.ts
FN:8,insertUserPreference
FN:15,findUserPreferenceById
FN:21,findPreferencesByUserId
FN:27,findPreferencesByUserIdAndCategory
FN:34,updateUserPreference
FN:41,deleteUserPreference
FNF:6
FNH:6
FNDA:7,insertUserPreference
FNDA:3,findUserPreferenceById
FNDA:1,findPreferencesByUserId
FNDA:1,findPreferencesByUserIdAndCategory
FNDA:1,updateUserPreference
FNDA:1,deleteUserPreference
DA:1,1
DA:8,1
DA:11,7
DA:12,7
DA:15,1
DA:18,3
DA:21,1
DA:24,1
DA:27,1
DA:31,1
DA:34,1
DA:38,1
DA:41,1
DA:42,1
LF:14
LH:14
BRF:0
BRH:0
end_of_record
TN:
SF:src/repositories/user.repository.ts
FN:5,insertUser
FN:10,findUserById
FN:14,findSingleUser
FN:18,updateUser
FN:27,touchLastActive
FNF:5
FNH:5
FNDA:29,insertUser
FNDA:13,findUserById
FNDA:19,findSingleUser
FNDA:18,updateUser
FNDA:1,touchLastActive
DA:1,4
DA:5,4
DA:6,29
DA:7,29
DA:10,4
DA:11,13
DA:14,4
DA:15,19
DA:18,4
DA:24,18
DA:27,4
DA:28,1
LF:12
LH:12
BRF:0
BRH:0
end_of_record
TN:
SF:src/routes/health.route.ts
FNF:0
FNH:0
DA:1,1
DA:2,1
DA:4,1
DA:6,1
LF:4
LH:4
BRF:0
BRH:0
end_of_record
TN:
SF:src/schemas/websocket/action-ack.schema.ts
FN:10,(anonymous_0)
FNF:1
FNH:1
FNDA:6,(anonymous_0)
DA:1,2
DA:3,2
DA:11,6
DA:12,1
DA:19,6
DA:20,1
LF:6
LH:6
BRDA:11,0,0,1
BRDA:11,0,1,5
BRDA:11,1,0,6
BRDA:11,1,1,3
BRDA:19,2,0,1
BRDA:19,2,1,5
BRDA:19,3,0,6
BRDA:19,3,1,3
BRDA:19,3,2,2
BRF:9
BRH:9
end_of_record
TN:
SF:src/schemas/websocket/inbound-envelope.schema.ts
FN:33,formatInboundEnvelopeValidationError
FN:34,(anonymous_1)
FNF:2
FNH:2
FNDA:2,formatInboundEnvelopeValidationError
FNDA:2,(anonymous_1)
DA:1,2
DA:3,2
DA:4,2
DA:5,2
DA:7,2
DA:33,2
DA:34,2
DA:35,2
LF:8
LH:8
BRDA:34,0,0,2
BRDA:34,0,1,0
BRF:2
BRH:1
end_of_record
TN:
SF:src/schemas/websocket/location-update.schema.ts
FNF:0
FNH:0
DA:1,2
DA:3,2
LF:2
LH:2
BRF:0
BRH:0
end_of_record
TN:
SF:src/schemas/websocket/user-prompt.schema.ts
FNF:0
FNH:0
DA:1,2
DA:3,2
LF:2
LH:2
BRF:0
BRH:0
end_of_record
TN:
SF:src/services/conversation-summary.service.ts
FN:22,buildExchangeText
FN:26,formatAssistantText
FN:52,processSummaryJob
FN:80,enqueueConversationSummary
FNF:4
FNH:4
FNDA:2,buildExchangeText
FNDA:6,formatAssistantText
FNDA:4,processSummaryJob
FNDA:4,enqueueConversationSummary
DA:1,1
DA:2,1
DA:3,1
DA:4,1
DA:6,1
DA:22,1
DA:23,2
DA:26,1
DA:27,6
DA:28,1
DA:31,5
DA:32,3
DA:35,2
DA:36,1
DA:37,1
DA:38,1
DA:40,1
DA:41,1
DA:43,1
DA:44,1
DA:46,1
DA:49,1
DA:52,1
DA:53,4
DA:55,4
DA:56,1
DA:57,1
DA:60,3
DA:64,3
DA:65,3
DA:66,2
DA:67,2
DA:76,1
DA:80,1
DA:85,4
DA:86,1
DA:89,3
DA:90,3
DA:91,1
DA:94,2
DA:95,2
DA:96,1
DA:97,1
DA:100,1
DA:104,1
LF:45
LH:45
BRDA:27,0,0,1
BRDA:27,0,1,5
BRDA:31,1,0,3
BRDA:31,1,1,2
BRDA:31,2,0,5
BRDA:31,2,1,4
BRDA:35,3,0,1
BRDA:35,3,1,1
BRDA:37,4,0,1
BRDA:37,4,1,0
BRDA:40,5,0,1
BRDA:40,5,1,0
BRDA:43,6,0,1
BRDA:43,6,1,0
BRDA:55,7,0,1
BRDA:55,7,1,3
BRDA:60,8,0,1
BRDA:60,8,1,2
BRDA:85,9,0,1
BRDA:85,9,1,3
BRDA:90,10,0,1
BRDA:90,10,1,2
BRDA:95,11,0,1
BRDA:95,11,1,1
BRF:24
BRH:21
end_of_record
TN:
SF:src/services/embedding.service.ts
FN:9,embedText
FNF:1
FNH:1
FNDA:1,embedText
DA:1,2
DA:2,2
DA:4,2
DA:9,2
DA:10,1
LF:5
LH:5
BRF:0
BRH:0
end_of_record
TN:
SF:src/services/geocoding.service.ts
FN:18,buildCompactName
FN:25,(anonymous_1)
FN:32,reverseGeocode
FNF:3
FNH:3
FNDA:7,buildCompactName
FNDA:12,(anonymous_1)
FNDA:10,reverseGeocode
DA:1,1
DA:2,1
DA:19,7
DA:20,7
DA:21,4
DA:25,12
DA:27,4
DA:29,4
DA:32,1
DA:33,10
DA:34,10
DA:35,10
DA:38,8
DA:39,1
DA:40,1
DA:42,7
DA:43,7
DA:45,2
DA:46,2
LF:19
LH:19
BRDA:20,0,0,4
BRDA:20,0,1,3
BRDA:22,1,0,4
BRDA:22,1,1,3
BRDA:23,2,0,4
BRDA:23,2,1,1
BRDA:23,2,2,1
BRDA:27,3,0,3
BRDA:27,3,1,1
BRDA:29,4,0,4
BRDA:29,4,1,1
BRDA:38,5,0,1
BRDA:38,5,1,7
BRF:13
BRH:13
end_of_record
TN:
SF:src/services/location.service.ts
FN:13,hasStoredLocation
FN:17,processLocationUpdate
FNF:2
FNH:2
FNDA:32,hasStoredLocation
FNDA:17,processLocationUpdate
DA:1,1
DA:3,1
DA:4,1
DA:5,1
DA:6,1
DA:7,1
DA:8,1
DA:9,1
DA:11,1
DA:14,32
DA:17,1
DA:18,17
DA:19,17
DA:20,1
DA:23,16
DA:25,16
DA:27,16
DA:28,7
DA:35,7
DA:36,4
DA:37,4
DA:47,4
DA:49,3
DA:59,16
DA:61,16
DA:68,16
DA:69,13
DA:70,13
DA:78,1
LF:29
LH:29
BRDA:14,0,0,32
BRDA:14,0,1,14
BRDA:19,1,0,1
BRDA:19,1,1,16
BRDA:27,2,0,7
BRDA:27,2,1,9
BRDA:35,3,0,4
BRDA:35,3,1,3
BRDA:59,4,0,13
BRDA:59,4,1,3
BRDA:65,5,0,11
BRDA:65,5,1,5
BRDA:68,6,0,13
BRDA:68,6,1,3
BRDA:75,7,0,13
BRDA:75,7,1,2
BRF:16
BRH:16
end_of_record
TN:
SF:src/services/message.service.ts
FN:30,logPipelineFailure
FN:38,pipelineLogContext
FN:59,getOrCreateActiveConversation
FN:81,scheduleConversationSummary
FN:86,(anonymous_13)
FN:91,markAssistantFailed
FN:99,preparePipelineContext
FN:165,withPipelineErrorRecovery
FN:173,(anonymous_17)
FN:180,runAgentTurn
FN:253,createMessage
FN:256,(anonymous_20)
FNF:12
FNH:12
FNDA:6,logPipelineFailure
FNDA:4,pipelineLogContext
FNDA:12,getOrCreateActiveConversation
FNDA:7,scheduleConversationSummary
FNDA:1,(anonymous_13)
FNDA:3,markAssistantFailed
FNDA:12,preparePipelineContext
FNDA:10,withPipelineErrorRecovery
FNDA:1,(anonymous_17)
FNDA:10,runAgentTurn
FNDA:12,createMessage
FNDA:10,(anonymous_20)
DA:1,1
DA:3,1
DA:4,1
DA:6,1
DA:7,1
DA:8,1
DA:9,1
DA:10,1
DA:35,6
DA:39,4
DA:62,12
DA:64,11
DA:65,10
DA:68,1
DA:69,1
DA:78,1
DA:86,7
DA:87,1
DA:92,3
DA:93,3
DA:100,12
DA:101,12
DA:107,12
DA:108,12
DA:109,11
DA:110,11
DA:115,11
DA:116,11
DA:117,11
DA:119,11
DA:131,10
DA:142,10
DA:147,2
DA:152,2
DA:155,10
DA:169,10
DA:170,10
DA:172,3
DA:173,3
DA:174,1
DA:176,3
DA:188,10
DA:189,10
DA:191,10
DA:193,10
DA:198,10
DA:207,10
DA:222,7
DA:227,7
DA:228,7
DA:234,7
DA:238,7
DA:245,7
DA:246,7
DA:250,7
DA:253,1
DA:254,12
DA:256,10
LF:58
LH:58
BRDA:64,0,0,10
BRDA:64,0,1,1
BRDA:92,1,0,2
BRDA:92,1,1,1
BRDA:147,2,0,1
BRDA:147,2,1,1
BRDA:212,3,0,10
BRDA:212,3,1,1
BRF:8
BRH:8
end_of_record
TN:
SF:src/services/ollama.service.ts
FN:21,stripSurroundingQuotes
FN:28,callOllama
FN:65,filterCompletedContextMessages
FN:66,(anonymous_3)
FN:69,summarizeText
FNF:5
FNH:5
FNDA:3,stripSurroundingQuotes
FNDA:5,callOllama
FNDA:12,filterCompletedContextMessages
FNDA:6,(anonymous_3)
FNDA:5,summarizeText
DA:1,2
DA:3,2
DA:4,2
DA:6,2
DA:8,2
DA:22,3
DA:35,5
DA:36,5
DA:39,5
DA:40,5
DA:53,1
DA:56,4
DA:57,1
DA:60,3
DA:61,3
DA:62,3
DA:65,2
DA:66,12
DA:69,2
DA:70,5
DA:74,3
DA:75,1
DA:78,2
LF:23
LH:23
BRDA:56,0,0,1
BRDA:56,0,1,3
BRDA:62,1,0,3
BRDA:62,1,1,0
BRDA:66,2,0,6
BRDA:66,2,1,4
BRDA:74,3,0,1
BRDA:74,3,1,2
BRF:8
BRH:7
end_of_record
TN:
SF:src/services/user-context.service.ts
FN:11,deterministicPointId
FN:22,buildIdentitySentence
FN:30,buildLocationSentence
FN:37,upsertUserIdentity
FN:52,upsertUserLocation
FN:70,retrieveUserContext
FN:83,(anonymous_6)
FN:84,(anonymous_7)
FNF:8
FNH:8
FNDA:16,deterministicPointId
FNDA:7,buildIdentitySentence
FNDA:9,buildLocationSentence
FNDA:7,upsertUserIdentity
FNDA:11,upsertUserLocation
FNDA:7,retrieveUserContext
FNDA:2,(anonymous_6)
FNDA:2,(anonymous_7)
DA:1,1
DA:2,1
DA:4,1
DA:5,1
DA:9,1
DA:12,16
DA:13,16
DA:14,16
DA:16,16
DA:17,16
DA:18,16
DA:19,16
DA:23,7
DA:24,7
DA:25,7
DA:26,7
DA:27,7
DA:31,9
DA:32,3
DA:34,6
DA:37,1
DA:38,7
DA:39,7
DA:40,7
DA:41,7
DA:42,7
DA:43,6
DA:46,5
DA:48,2
DA:52,1
DA:53,11
DA:54,2
DA:56,9
DA:57,9
DA:58,9
DA:59,9
DA:60,9
DA:61,8
DA:64,8
DA:66,1
DA:70,1
DA:71,7
DA:72,2
DA:74,5
DA:75,5
DA:76,4
DA:82,3
DA:83,2
DA:84,2
DA:85,3
DA:87,2
DA:88,2
LF:52
LH:52
BRDA:24,0,0,7
BRDA:24,0,1,0
BRDA:25,1,0,0
BRDA:25,1,1,7
BRDA:26,2,0,2
BRDA:26,2,1,5
BRDA:27,3,0,7
BRDA:27,3,1,0
BRDA:31,4,0,3
BRDA:31,4,1,6
BRDA:53,5,0,2
BRDA:53,5,1,9
BRDA:53,6,0,11
BRDA:53,6,1,8
BRDA:53,6,2,7
BRDA:71,7,0,2
BRDA:71,7,1,5
BRDA:84,8,0,2
BRDA:84,8,1,2
BRF:19
BRH:16
end_of_record
TN:
SF:src/utils/api-response.ts
FN:4,(anonymous_0)
FN:11,(anonymous_1)
FN:29,defaultCodeFor
FN:33,successResponse
FN:44,(anonymous_4)
FN:49,(anonymous_5)
FN:51,(anonymous_6)
FN:52,(anonymous_7)
FN:54,(anonymous_8)
FN:60,(anonymous_9)
FNF:10
FNH:10
FNDA:14,(anonymous_0)
FNDA:14,(anonymous_1)
FNDA:16,defaultCodeFor
FNDA:5,successResponse
FNDA:3,(anonymous_4)
FNDA:3,(anonymous_5)
FNDA:5,(anonymous_6)
FNDA:6,(anonymous_7)
FNDA:2,(anonymous_8)
FNDA:2,(anonymous_9)
DA:2,14
DA:4,14
DA:5,14
DA:6,14
DA:7,14
DA:8,14
DA:11,14
DA:12,14
DA:13,14
DA:14,14
DA:15,14
DA:16,14
DA:17,14
DA:18,14
DA:19,14
DA:22,14
DA:29,14
DA:30,16
DA:33,14
DA:40,5
DA:43,14
DA:45,3
DA:48,14
DA:50,3
DA:51,5
DA:53,6
DA:55,2
DA:61,2
LF:28
LH:28
BRDA:4,0,0,14
BRDA:4,0,1,14
BRDA:11,1,0,14
BRDA:11,1,1,14
BRDA:30,2,0,16
BRDA:30,2,1,4
BRDA:38,3,0,1
BRDA:49,4,0,2
BRDA:51,5,0,1
BRF:9
BRH:9
end_of_record
TN:
SF:src/utils/app-error.ts
FN:10,(anonymous_0)
FNF:1
FNH:1
FNDA:30,(anonymous_0)
DA:1,14
DA:3,14
DA:11,30
DA:12,30
DA:13,30
DA:14,30
DA:15,30
DA:17,30
LF:8
LH:8
BRDA:10,0,0,28
BRDA:14,1,0,30
BRDA:14,1,1,11
BRF:3
BRH:3
end_of_record
TN:
SF:src/utils/haversine.ts
FN:3,toRadians
FN:7,haversineDistanceMeters
FNF:2
FNH:2
FNDA:36,toRadians
FNDA:9,haversineDistanceMeters
DA:1,2
DA:4,36
DA:7,2
DA:13,9
DA:14,9
DA:17,9
DA:20,9
DA:22,9
LF:8
LH:8
BRF:0
BRH:0
end_of_record
TN:
SF:src/utils/logger.ts
FNF:0
FNH:0
DA:1,15
DA:2,15
DA:4,15
LF:3
LH:3
BRDA:7,0,0,2
BRDA:7,0,1,13
BRF:2
BRH:2
end_of_record
TN:
SF:src/utils/message-envelope.ts
FN:12,envelopeFromCreateMessageResult
FN:28,envelopeFromAppError
FN:36,badRequestEnvelope
FN:44,internalServerErrorEnvelope
FN:52,actionRequestEnvelope
FNF:5
FNH:5
FNDA:5,envelopeFromCreateMessageResult
FNDA:3,envelopeFromAppError
FNDA:3,badRequestEnvelope
FNDA:3,internalServerErrorEnvelope
FNDA:6,actionRequestEnvelope
DA:3,6
DA:12,6
DA:13,5
DA:14,2
DA:21,3
DA:28,6
DA:29,3
DA:36,6
DA:37,3
DA:44,6
DA:45,3
DA:52,6
DA:58,6
LF:13
LH:13
BRDA:13,0,0,2
BRDA:13,0,1,3
BRF:2
BRH:2
end_of_record
TN:
SF:src/websocket/client-task-broker.ts
FN:18,requestFromClient
FN:27,(anonymous_1)
FN:28,(anonymous_2)
FN:40,(anonymous_3)
FN:45,(anonymous_4)
FN:65,resolveClientTask
FN:74,rejectClientTask
FNF:7
FNH:7
FNDA:6,requestFromClient
FNDA:6,(anonymous_1)
FNDA:2,(anonymous_2)
FNDA:2,(anonymous_3)
FNDA:1,(anonymous_4)
FNDA:6,resolveClientTask
FNDA:3,rejectClientTask
DA:1,4
DA:4,4
DA:5,4
DA:7,4
DA:10,4
DA:18,4
DA:24,6
DA:25,6
DA:27,6
DA:28,6
DA:29,2
DA:30,2
DA:39,6
DA:41,2
DA:42,2
DA:43,2
DA:46,1
DA:47,1
DA:48,1
DA:52,6
DA:65,4
DA:66,6
DA:67,6
DA:68,4
DA:71,2
DA:74,4
DA:75,3
DA:76,3
DA:77,2
DA:80,1
LF:30
LH:30
BRDA:25,0,0,6
BRDA:25,0,1,4
BRDA:67,1,0,4
BRDA:67,1,1,2
BRDA:76,2,0,2
BRDA:76,2,1,1
BRF:6
BRH:6
end_of_record
TN:
SF:src/websocket/messages.gateway.ts
FN:13,sendEnvelope
FN:17,handleRawMessage
FN:42,attachMessageWebSocket
FN:45,(anonymous_3)
FN:48,(anonymous_4)
FN:52,(anonymous_5)
FN:56,(anonymous_6)
FNF:7
FNH:7
FNDA:3,sendEnvelope
FNDA:11,handleRawMessage
FNDA:2,attachMessageWebSocket
FNDA:1,(anonymous_3)
FNDA:1,(anonymous_4)
FNDA:1,(anonymous_5)
FNDA:1,(anonymous_6)
DA:3,1
DA:5,1
DA:6,1
DA:10,1
DA:11,1
DA:14,3
DA:17,1
DA:20,11
DA:21,11
DA:23,1
DA:24,1
DA:27,10
DA:28,10
DA:29,2
DA:30,2
DA:33,8
DA:34,8
DA:35,0
DA:36,0
DA:39,8
DA:42,1
DA:43,2
DA:45,2
DA:46,1
DA:48,1
DA:49,1
DA:52,1
DA:53,1
DA:56,1
DA:57,1
DA:61,2
LF:31
LH:29
BRDA:28,0,0,2
BRDA:28,0,1,8
BRDA:34,1,0,0
BRDA:34,1,1,8
BRF:4
BRH:3
end_of_record
